2023-03-16 17:34:37 | Epoch 1/20 - client 0 -  Training Loss: 8.710
2023-03-16 17:35:07 | Epoch 1/20 - client 5 -  Training Loss: 8.063
2023-03-16 17:35:37 | Epoch 1/20 - client 3 -  Training Loss: 7.728
2023-03-16 17:36:08 | Epoch 1/20 - client 4 -  Training Loss: 7.412
2023-03-16 17:36:38 | Epoch 1/20 - client 2 -  Training Loss: 7.150
2023-03-16 17:37:10 | Epoch 1/20 - client 6 -  Training Loss: 6.883
2023-03-16 17:37:41 | Epoch 1/20 - client 1 -  Training Loss: 6.521
2023-03-16 17:38:13 | Epoch 1/20 - client 7 -  Training Loss: 6.209
2023-03-16 17:38:28 | Epoch1 Valid:
2023-03-16 17:38:28 | MRR-A: 0.3876882081403776
2023-03-16 17:38:28 | HR-A @1|5|10: 0.26187015795797935	0.5314121263201901	0.6418735457394562	
2023-03-16 17:38:28 | NDCG-A @5|10: 0.4035976076589236	0.4394160959182387	
2023-03-16 17:38:28 | MRR-B: 0.4510759378853654
2023-03-16 17:38:28 | HR-B @1|5|10: 0.34213499082302345	0.5748574774734895	0.6702930094388772	
2023-03-16 17:38:28 | NDCG-B @5|10: 0.46519235977824447	0.496268488481056	
2023-03-16 17:38:28 | 
2023-03-16 17:38:44 | Test:
2023-03-16 17:38:44 | MRR-A: 0.38793739986016
2023-03-16 17:38:44 | HR-A @1|5|10: 0.2635203323505953	0.5269278945186516	0.6335247409244802	
2023-03-16 17:38:44 | NDCG-A @5|10: 0.40262703919886283	0.43731809994476506	
2023-03-16 17:38:44 | MRR-B: 0.4649745780073955
2023-03-16 17:38:44 | HR-B @1|5|10: 0.35237352435473124	0.5936961339319422	0.6840135484483586	
2023-03-16 17:38:44 | NDCG-B @5|10: 0.4815553775255311	0.5108135215765475	
2023-03-16 17:38:44 | 
2023-03-16 17:39:14 | Epoch 2/20 - client 4 -  Training Loss: 6.541
2023-03-16 17:39:43 | Epoch 2/20 - client 5 -  Training Loss: 6.565
2023-03-16 17:40:15 | Epoch 2/20 - client 3 -  Training Loss: 6.584
2023-03-16 17:40:46 | Epoch 2/20 - client 1 -  Training Loss: 6.533
2023-03-16 17:41:16 | Epoch 2/20 - client 0 -  Training Loss: 6.609
2023-03-16 17:41:45 | Epoch 2/20 - client 6 -  Training Loss: 6.536
2023-03-16 17:42:15 | Epoch 2/20 - client 7 -  Training Loss: 6.591
2023-03-16 17:42:46 | Epoch 2/20 - client 2 -  Training Loss: 6.539
2023-03-16 17:43:01 | Epoch2 Valid:
2023-03-16 17:43:01 | MRR-A: 0.412707540242122
2023-03-16 17:43:01 | HR-A @1|5|10: 0.2914260351067176	0.5520992982504168	0.6556505524957363	
2023-03-16 17:43:01 | NDCG-A @5|10: 0.42847660136375243	0.4618203989951062	
2023-03-16 17:43:01 | MRR-B: 0.46735781482638455
2023-03-16 17:43:01 | HR-B @1|5|10: 0.3583802205313271	0.5926043880999033	0.6862474712939234	
2023-03-16 17:43:01 | NDCG-B @5|10: 0.48211522571716375	0.5127026813069251	
2023-03-16 17:43:01 | 
2023-03-16 17:43:16 | Test:
2023-03-16 17:43:16 | MRR-A: 0.4088189483039952
2023-03-16 17:43:16 | HR-A @1|5|10: 0.286604117416664	0.5485740192838807	0.6523694903834459	
2023-03-16 17:43:16 | NDCG-A @5|10: 0.42429249469764596	0.45814677728608894	
2023-03-16 17:43:16 | MRR-B: 0.4902274742098306
2023-03-16 17:43:16 | HR-B @1|5|10: 0.3769098282575138	0.6252607910746765	0.7080361055620402	
2023-03-16 17:43:16 | NDCG-B @5|10: 0.5093726706873011	0.5361914905434052	
2023-03-16 17:43:16 | 
2023-03-16 17:43:48 | Epoch 3/20 - client 6 -  Training Loss: 6.057
2023-03-16 17:44:18 | Epoch 3/20 - client 2 -  Training Loss: 6.027
2023-03-16 17:44:48 | Epoch 3/20 - client 5 -  Training Loss: 6.067
2023-03-16 17:45:17 | Epoch 3/20 - client 7 -  Training Loss: 6.090
2023-03-16 17:45:46 | Epoch 3/20 - client 4 -  Training Loss: 6.035
2023-03-16 17:46:14 | Epoch 3/20 - client 3 -  Training Loss: 6.067
2023-03-16 17:46:44 | Epoch 3/20 - client 1 -  Training Loss: 6.059
2023-03-16 17:47:15 | Epoch 3/20 - client 0 -  Training Loss: 6.103
2023-03-16 17:47:29 | Epoch3 Valid:
2023-03-16 17:47:29 | MRR-A: 0.4206175688554124
2023-03-16 17:47:29 | HR-A @1|5|10: 0.29796724969472393	0.5566847591546427	0.6672375206976786	
2023-03-16 17:47:29 | NDCG-A @5|10: 0.4346923399426645	0.4705637941587589	
2023-03-16 17:47:29 | MRR-B: 0.48310431496198236
2023-03-16 17:47:29 | HR-B @1|5|10: 0.3714144898692851	0.6170498317462169	0.7101099700095655	
2023-03-16 17:47:29 | NDCG-B @5|10: 0.5010388259150433	0.5311363692394446	
2023-03-16 17:47:29 | 
2023-03-16 17:47:45 | Test:
2023-03-16 17:47:45 | MRR-A: 0.4201315639417204
2023-03-16 17:47:45 | HR-A @1|5|10: 0.2961712424653473	0.5626127004243053	0.662878582097123	
2023-03-16 17:47:45 | NDCG-A @5|10: 0.4365899114169097	0.46920270462509744	
2023-03-16 17:47:45 | MRR-B: 0.4968627740916891
2023-03-16 17:47:45 | HR-B @1|5|10: 0.3856192268210106	0.6275767404142565	0.7051129098291904	
2023-03-16 17:47:45 | NDCG-B @5|10: 0.5152805852225394	0.5407119871438546	
2023-03-16 17:47:45 | 
2023-03-16 17:48:17 | Epoch 4/20 - client 3 -  Training Loss: 5.708
2023-03-16 17:48:47 | Epoch 4/20 - client 4 -  Training Loss: 5.668
2023-03-16 17:49:15 | Epoch 4/20 - client 2 -  Training Loss: 5.682
2023-03-16 17:49:44 | Epoch 4/20 - client 5 -  Training Loss: 5.708
2023-03-16 17:50:15 | Epoch 4/20 - client 6 -  Training Loss: 5.685
2023-03-16 17:50:45 | Epoch 4/20 - client 1 -  Training Loss: 5.705
2023-03-16 17:51:16 | Epoch 4/20 - client 0 -  Training Loss: 5.741
2023-03-16 17:51:45 | Epoch 4/20 - client 7 -  Training Loss: 5.702
2023-03-16 17:52:01 | Epoch4 Valid:
2023-03-16 17:52:01 | MRR-A: 0.4264068534025327
2023-03-16 17:52:01 | HR-A @1|5|10: 0.30292754114757703	0.5613197362489278	0.6794698325940408	
2023-03-16 17:52:01 | NDCG-A @5|10: 0.43989245359097623	0.4782724180229329	
2023-03-16 17:52:01 | MRR-B: 0.4872290072328533
2023-03-16 17:52:01 | HR-B @1|5|10: 0.3699302722853637	0.6327397537440653	0.7104383036077733	
2023-03-16 17:52:01 | NDCG-B @5|10: 0.5095465294728839	0.5347380566053775	
2023-03-16 17:52:01 | 
2023-03-16 17:52:16 | Test:
2023-03-16 17:52:16 | MRR-A: 0.42361151438435557
2023-03-16 17:52:16 | HR-A @1|5|10: 0.29759391203817376	0.5696301262538258	0.6750658741296555	
2023-03-16 17:52:16 | NDCG-A @5|10: 0.44091368926217517	0.47536083517595046	
2023-03-16 17:52:16 | MRR-B: 0.4992137591194432
2023-03-16 17:52:16 | HR-B @1|5|10: 0.3840557061951989	0.6376573979136398	0.7300157653034297	
2023-03-16 17:52:16 | NDCG-B @5|10: 0.518742043721164	0.5485714368306691	
2023-03-16 17:52:16 | 
2023-03-16 17:52:47 | Epoch 5/20 - client 4 -  Training Loss: 5.371
2023-03-16 17:53:16 | Epoch 5/20 - client 1 -  Training Loss: 5.408
2023-03-16 17:53:45 | Epoch 5/20 - client 5 -  Training Loss: 5.400
2023-03-16 17:54:15 | Epoch 5/20 - client 2 -  Training Loss: 5.374
2023-03-16 17:54:45 | Epoch 5/20 - client 3 -  Training Loss: 5.427
2023-03-16 17:55:15 | Epoch 5/20 - client 7 -  Training Loss: 5.407
2023-03-16 17:55:45 | Epoch 5/20 - client 6 -  Training Loss: 5.397
2023-03-16 17:56:15 | Epoch 5/20 - client 0 -  Training Loss: 5.429
2023-03-16 17:56:30 | Epoch5 Valid:
2023-03-16 17:56:30 | MRR-A: 0.4228522498992793
2023-03-16 17:56:30 | HR-A @1|5|10: 0.29694680035265636	0.5633456183407535	0.6843594240381093	
2023-03-16 17:56:30 | NDCG-A @5|10: 0.43726158877801435	0.47621285540945724	
2023-03-16 17:56:30 | MRR-B: 0.48886366150590804
2023-03-16 17:56:30 | HR-B @1|5|10: 0.37355245937685316	0.6291538290768538	0.712189541553143	
2023-03-16 17:56:30 | NDCG-B @5|10: 0.5089486755541387	0.5359397473664854	
2023-03-16 17:56:30 | 
2023-03-16 17:56:46 | Test:
2023-03-16 17:56:46 | MRR-B: 0.5030176184527172
2023-03-16 17:56:46 | HR-B @1|5|10: 0.38603945043401283	0.6431718434831997	0.7377574932912374	
2023-03-16 17:56:46 | NDCG-B @5|10: 0.5229329796850491	0.5538732482761081	
2023-03-16 17:56:46 | 
2023-03-16 17:57:15 | Epoch 6/20 - client 6 -  Training Loss: 5.164
2023-03-16 17:57:45 | Epoch 6/20 - client 1 -  Training Loss: 5.170
2023-03-16 17:58:14 | Epoch 6/20 - client 4 -  Training Loss: 5.125
2023-03-16 17:58:43 | Epoch 6/20 - client 7 -  Training Loss: 5.171
2023-03-16 17:59:14 | Epoch 6/20 - client 2 -  Training Loss: 5.148
2023-03-16 17:59:44 | Epoch 6/20 - client 3 -  Training Loss: 5.180
2023-03-16 18:00:15 | Epoch 6/20 - client 5 -  Training Loss: 5.147
2023-03-16 18:00:43 | Epoch 6/20 - client 0 -  Training Loss: 5.186
2023-03-16 18:00:58 | Epoch6 Valid:
2023-03-16 18:00:58 | MRR-A: 0.4288772381141621
2023-03-16 18:00:58 | HR-A @1|5|10: 0.3004372988425888	0.5735401467653108	0.6857660031832999	
2023-03-16 18:00:58 | NDCG-A @5|10: 0.4453451670176571	0.48168932137941933	
2023-03-16 18:00:58 | MRR-B: 0.5049693570119248
2023-03-16 18:00:58 | HR-B @1|5|10: 0.38980558721980774	0.6455677028903108	0.7320399168937004	
2023-03-16 18:00:58 | NDCG-B @5|10: 0.5253383397506255	0.5536119449723416	
2023-03-16 18:00:58 | 
2023-03-16 18:01:13 | Test:
2023-03-16 18:01:13 | MRR-A: 0.4314074653310164
2023-03-16 18:01:13 | HR-A @1|5|10: 0.3080904075956509	0.5742066126643237	0.6828840048383473	
2023-03-16 18:01:13 | NDCG-A @5|10: 0.44761905567684623	0.4826767079343072	
2023-03-16 18:01:13 | MRR-B: 0.49947692554867057
2023-03-16 18:01:13 | HR-B @1|5|10: 0.3791505751686675	0.6446737771216731	0.7280428130858865	
2023-03-16 18:01:13 | NDCG-B @5|10: 0.521428899971592	0.5483702873499969	
2023-03-16 18:01:13 | 
2023-03-16 18:01:43 | Epoch 7/20 - client 4 -  Training Loss: 4.919
2023-03-16 18:02:13 | Epoch 7/20 - client 2 -  Training Loss: 4.959
2023-03-16 18:02:42 | Epoch 7/20 - client 1 -  Training Loss: 4.964
2023-03-16 18:03:13 | Epoch 7/20 - client 7 -  Training Loss: 4.965
2023-03-16 18:03:43 | Epoch 7/20 - client 0 -  Training Loss: 4.987
2023-03-16 18:04:13 | Epoch 7/20 - client 5 -  Training Loss: 4.957
2023-03-16 18:04:43 | Epoch 7/20 - client 3 -  Training Loss: 4.992
2023-03-16 18:05:12 | Epoch 7/20 - client 6 -  Training Loss: 4.972
2023-03-16 18:05:29 | Epoch7 Valid:
2023-03-16 18:05:29 | MRR-A: 0.42881286707041744
2023-03-16 18:05:29 | HR-A @1|5|10: 0.29917156384049837	0.578597333612706	0.6915104727625376	
2023-03-16 18:05:29 | NDCG-A @5|10: 0.4464208298558025	0.4831173924604794	
2023-03-16 18:05:29 | MRR-B: 0.5014055133872599
2023-03-16 18:05:29 | HR-B @1|5|10: 0.3879889394987075	0.6391490435778474	0.7302784064335556	
2023-03-16 18:05:29 | NDCG-B @5|10: 0.5208103744868398	0.5501799362641234	
2023-03-16 18:05:29 | 
2023-03-16 18:05:59 | Epoch 8/20 - client 5 -  Training Loss: 4.789
2023-03-16 18:06:28 | Epoch 8/20 - client 2 -  Training Loss: 4.780
2023-03-16 18:06:57 | Epoch 8/20 - client 7 -  Training Loss: 4.783
2023-03-16 18:07:28 | Epoch 8/20 - client 0 -  Training Loss: 4.807
2023-03-16 18:07:59 | Epoch 8/20 - client 1 -  Training Loss: 4.799
2023-03-16 18:08:27 | Epoch 8/20 - client 6 -  Training Loss: 4.808
2023-03-16 18:08:57 | Epoch 8/20 - client 3 -  Training Loss: 4.824
2023-03-16 18:09:28 | Epoch 8/20 - client 4 -  Training Loss: 4.759
2023-03-16 18:09:43 | Epoch8 Valid:
2023-03-16 18:09:43 | MRR-A: 0.4301776260421112
2023-03-16 18:09:43 | HR-A @1|5|10: 0.2983744506730617	0.5808192265459792	0.6974624156782553	
2023-03-16 18:09:43 | NDCG-A @5|10: 0.4483490091818676	0.4859238092980466	
2023-03-16 18:09:43 | MRR-B: 0.5012880942143516
2023-03-16 18:09:43 | HR-B @1|5|10: 0.3825112255102399	0.6401399789556425	0.7345875628901837	
2023-03-16 18:09:43 | NDCG-B @5|10: 0.5205972027115796	0.551274860388438	
2023-03-16 18:09:43 | 
2023-03-16 18:09:59 | Test:
2023-03-16 18:09:59 | MRR-A: 0.4371119383151111
2023-03-16 18:09:59 | HR-A @1|5|10: 0.3104190433593402	0.5797272528376101	0.6834250703551534	
2023-03-16 18:09:59 | NDCG-A @5|10: 0.4535918307520609	0.4873274170277943	
2023-03-16 18:10:28 | Epoch 9/20 - client 6 -  Training Loss: 4.657
2023-03-16 18:10:57 | Epoch 9/20 - client 0 -  Training Loss: 4.654
2023-03-16 18:11:28 | Epoch 9/20 - client 3 -  Training Loss: 4.667
2023-03-16 18:11:58 | Epoch 9/20 - client 5 -  Training Loss: 4.635
2023-03-16 18:12:29 | Epoch 9/20 - client 4 -  Training Loss: 4.635
2023-03-16 18:12:58 | Epoch 9/20 - client 2 -  Training Loss: 4.635
2023-03-16 18:13:29 | Epoch 9/20 - client 7 -  Training Loss: 4.633
2023-03-16 18:13:58 | Epoch 9/20 - client 1 -  Training Loss: 4.666
2023-03-16 18:14:14 | Epoch9 Valid:
2023-03-16 18:14:14 | MRR-A: 0.43284102156911025
2023-03-16 18:14:14 | HR-A @1|5|10: 0.3011367767206397	0.5843869887521613	0.7020202906902939	
2023-03-16 18:14:14 | NDCG-A @5|10: 0.4506706515520211	0.48892745518546016	
2023-03-16 18:14:14 | MRR-B: 0.5062020258122477
2023-03-16 18:14:14 | HR-B @1|5|10: 0.39327644856823235	0.6432489484323389	0.7328869094828674	
2023-03-16 18:14:14 | NDCG-B @5|10: 0.5256328834228415	0.5546151714115085	
2023-03-16 18:14:14 | 
2023-03-16 18:14:30 | Test:
2023-03-16 18:14:30 | MRR-A: 0.4325713292125672
2023-03-16 18:14:30 | HR-A @1|5|10: 0.307026387044951	0.5818758819902652	0.6889463216149332	
2023-03-16 18:14:30 | NDCG-A @5|10: 0.4504299545074883	0.4852126843684922	
2023-03-16 18:14:30 | MRR-B: 0.5090056384954774
2023-03-16 18:14:30 | HR-B @1|5|10: 0.3873193461638556	0.6568228419014409	0.7413255905285041	
2023-03-16 18:14:30 | NDCG-B @5|10: 0.5318310329384593	0.5591126676412217	
2023-03-16 18:14:30 | 
2023-03-16 18:14:59 | Epoch 10/20 - client 6 -  Training Loss: 4.531
2023-03-16 18:15:30 | Epoch 10/20 - client 7 -  Training Loss: 4.504
2023-03-16 18:16:00 | Epoch 10/20 - client 0 -  Training Loss: 4.540
2023-03-16 18:16:29 | Epoch 10/20 - client 3 -  Training Loss: 4.553
2023-03-16 18:16:59 | Epoch 10/20 - client 1 -  Training Loss: 4.526
2023-03-16 18:17:28 | Epoch 10/20 - client 4 -  Training Loss: 4.505
2023-03-16 18:17:59 | Epoch 10/20 - client 2 -  Training Loss: 4.502
2023-03-16 18:18:31 | Epoch 10/20 - client 5 -  Training Loss: 4.525
2023-03-16 18:18:46 | Epoch10 Valid:
2023-03-16 18:18:46 | MRR-A: 0.4357885629100071
2023-03-16 18:18:46 | HR-A @1|5|10: 0.3059701209821107	0.5832100105801024	0.6990777569209572	
2023-03-16 18:18:46 | NDCG-A @5|10: 0.45286304045759734	0.4903720946971155	
2023-03-16 18:18:46 | MRR-B: 0.5025202122453591
2023-03-16 18:18:46 | HR-B @1|5|10: 0.3886447568420743	0.6415796890534062	0.7353083404669117	
2023-03-16 18:18:46 | NDCG-B @5|10: 0.5217668169363009	0.5524005926125193	
2023-03-16 18:18:46 | 
2023-03-16 18:19:02 | Test:
2023-03-16 18:19:02 | MRR-A: 0.4358111795215985
2023-03-16 18:19:02 | HR-A @1|5|10: 0.3075527992809342	0.587134191556792	0.6953184268508775	
2023-03-16 18:19:02 | NDCG-A @5|10: 0.45454391018209384	0.489589668808813	
2023-03-16 18:19:33 | Epoch 11/20 - client 3 -  Training Loss: 4.410
2023-03-16 18:20:04 | Epoch 11/20 - client 6 -  Training Loss: 4.424
2023-03-16 18:20:34 | Epoch 11/20 - client 5 -  Training Loss: 4.409
2023-03-16 18:21:03 | Epoch 11/20 - client 1 -  Training Loss: 4.415
2023-03-16 18:21:33 | Epoch 11/20 - client 0 -  Training Loss: 4.407
2023-03-16 18:22:03 | Epoch 11/20 - client 2 -  Training Loss: 4.387
2023-03-16 18:22:33 | Epoch 11/20 - client 4 -  Training Loss: 4.386
2023-03-16 18:23:03 | Epoch 11/20 - client 7 -  Training Loss: 4.399
2023-03-16 18:23:19 | Epoch11 Valid:
2023-03-16 18:23:19 | MRR-A: 0.4379347023723136
2023-03-16 18:23:19 | HR-A @1|5|10: 0.30887246809374047	0.5951166465167299	0.7016987124247996	
2023-03-16 18:23:19 | NDCG-A @5|10: 0.4581488561853697	0.49269617391853365	
2023-03-16 18:23:19 | MRR-B: 0.5080657436651934
2023-03-16 18:23:19 | HR-B @1|5|10: 0.3952625441338097	0.6409503527418959	0.732473967164903	
2023-03-16 18:23:19 | NDCG-B @5|10: 0.5259260435807542	0.5558787863644694	
2023-03-16 18:23:19 | 
2023-03-16 18:23:34 | Test:
2023-03-16 18:23:34 | MRR-A: 0.43574145648292106
2023-03-16 18:23:34 | HR-A @1|5|10: 0.3087044656878822	0.5818250920846957	0.6905600195616657	
2023-03-16 18:23:34 | NDCG-A @5|10: 0.4527972469603853	0.48803763604657174	
2023-03-16 18:23:34 | MRR-B: 0.5113799764599629
2023-03-16 18:23:34 | HR-B @1|5|10: 0.3921092837081882	0.6549689020983589	0.7402827154062734	
2023-03-16 18:23:34 | NDCG-B @5|10: 0.5327051228017398	0.56050821577828	
2023-03-16 18:23:34 | 
2023-03-16 18:24:04 | Epoch 12/20 - client 1 -  Training Loss: 4.310
2023-03-16 18:24:34 | Epoch 12/20 - client 2 -  Training Loss: 4.298
2023-03-16 18:25:03 | Epoch 12/20 - client 4 -  Training Loss: 4.280
2023-03-16 18:25:35 | Epoch 12/20 - client 5 -  Training Loss: 4.304
2023-03-16 18:26:04 | Epoch 12/20 - client 3 -  Training Loss: 4.330
2023-03-16 18:26:34 | Epoch 12/20 - client 6 -  Training Loss: 4.313
2023-03-16 18:27:03 | Epoch 12/20 - client 0 -  Training Loss: 4.327
2023-03-16 18:27:35 | Epoch 12/20 - client 7 -  Training Loss: 4.297
2023-03-16 18:27:49 | Epoch12 Valid:
2023-03-16 18:27:49 | MRR-A: 0.43465828275106033
2023-03-16 18:27:49 | HR-A @1|5|10: 0.3029080937660387	0.5887222434339417	0.7069415033762324	
2023-03-16 18:27:49 | NDCG-A @5|10: 0.45321653454363764	0.491475225267921	
2023-03-16 18:27:49 | MRR-B: 0.5113350905519457
2023-03-16 18:27:49 | HR-B @1|5|10: 0.39766888981889303	0.6495425266702679	0.7326861916752193	
2023-03-16 18:27:49 | NDCG-B @5|10: 0.5314063704347128	0.5584412576714044	
2023-03-16 18:27:49 | 
2023-03-16 18:28:05 | Test:
2023-03-16 18:28:05 | MRR-B: 0.5046498698654754
2023-03-16 18:28:05 | HR-B @1|5|10: 0.3799489693832818	0.6568367814983201	0.7470906175396851	
2023-03-16 18:28:05 | NDCG-B @5|10: 0.527929830435186	0.5573788707453639	
2023-03-16 18:28:05 | 
2023-03-16 18:28:35 | Epoch 13/20 - client 6 -  Training Loss: 4.227
2023-03-16 18:29:05 | Epoch 13/20 - client 5 -  Training Loss: 4.207
2023-03-16 18:29:34 | Epoch 13/20 - client 7 -  Training Loss: 4.202
2023-03-16 18:30:05 | Epoch 13/20 - client 1 -  Training Loss: 4.223
2023-03-16 18:30:35 | Epoch 13/20 - client 0 -  Training Loss: 4.231
2023-03-16 18:31:05 | Epoch 13/20 - client 3 -  Training Loss: 4.242
2023-03-16 18:31:34 | Epoch 13/20 - client 2 -  Training Loss: 4.201
2023-03-16 18:32:04 | Epoch 13/20 - client 4 -  Training Loss: 4.208
2023-03-16 18:32:19 | Epoch13 Valid:
2023-03-16 18:32:19 | MRR-A: 0.44081440994135007
2023-03-16 18:32:19 | HR-A @1|5|10: 0.3130797385099752	0.5815533894471937	0.7058537557847976	
2023-03-16 18:32:19 | NDCG-A @5|10: 0.4551960645371095	0.49571149385273966	
2023-03-16 18:32:19 | MRR-B: 0.5058280334648674
2023-03-16 18:32:19 | HR-B @1|5|10: 0.38727463580876537	0.6499436840492208	0.7304482902642445	
2023-03-16 18:32:19 | NDCG-B @5|10: 0.5277386150789354	0.5539013439675247	
2023-03-16 18:32:19 | 
2023-03-16 18:32:33 | Test:
2023-03-16 18:32:33 | MRR-A: 0.43772954489353255
2023-03-16 18:32:33 | HR-A @1|5|10: 0.30960899510482826	0.5899238239009083	0.6933380531136843	
2023-03-16 18:32:33 | NDCG-A @5|10: 0.45662741934705475	0.49012726349899755	
2023-03-16 18:33:04 | Epoch 14/20 - client 1 -  Training Loss: 4.139
2023-03-16 18:33:36 | Epoch 14/20 - client 7 -  Training Loss: 4.118
2023-03-16 18:34:05 | Epoch 14/20 - client 5 -  Training Loss: 4.138
2023-03-16 18:34:37 | Epoch 14/20 - client 3 -  Training Loss: 4.159
2023-03-16 18:35:07 | Epoch 14/20 - client 4 -  Training Loss: 4.143
2023-03-16 18:35:36 | Epoch 14/20 - client 0 -  Training Loss: 4.153
2023-03-16 18:36:07 | Epoch 14/20 - client 2 -  Training Loss: 4.129
2023-03-16 18:36:36 | Epoch 14/20 - client 6 -  Training Loss: 4.141
2023-03-16 18:36:51 | Epoch14 Valid:
2023-03-16 18:36:51 | MRR-A: 0.4418015351212164
2023-03-16 18:36:51 | HR-A @1|5|10: 0.3156523371732466	0.5805953922252509	0.7043925101050496	
2023-03-16 18:36:51 | NDCG-A @5|10: 0.4557181610281842	0.4959076496627616	
2023-03-16 18:36:51 | MRR-B: 0.5036534510573716
2023-03-16 18:36:51 | HR-B @1|5|10: 0.37829857948469725	0.6501164747339758	0.7440054851292509	
2023-03-16 18:36:51 | NDCG-B @5|10: 0.5251449878945617	0.5558851345775396	
2023-03-16 18:36:51 | 
2023-03-16 18:37:06 | Test:
2023-03-16 18:37:06 | MRR-A: 0.4414590764225347
2023-03-16 18:37:06 | HR-A @1|5|10: 0.3148439879044086	0.587149104615923	0.7006030421283191	
2023-03-16 18:37:06 | NDCG-A @5|10: 0.4580879777042693	0.4948756554822312	
2023-03-16 18:37:36 | Epoch 15/20 - client 0 -  Training Loss: 4.081
2023-03-16 18:38:06 | Epoch 15/20 - client 4 -  Training Loss: 4.049
2023-03-16 18:38:36 | Epoch 15/20 - client 7 -  Training Loss: 4.065
2023-03-16 18:39:06 | Epoch 15/20 - client 6 -  Training Loss: 4.058
2023-03-16 18:39:36 | Epoch 15/20 - client 1 -  Training Loss: 4.076
2023-03-16 18:40:05 | Epoch 15/20 - client 2 -  Training Loss: 4.043
2023-03-16 18:40:34 | Epoch 15/20 - client 3 -  Training Loss: 4.095
2023-03-16 18:41:06 | Epoch 15/20 - client 5 -  Training Loss: 4.072
2023-03-16 18:41:21 | Epoch15 Valid:
2023-03-16 18:41:21 | MRR-A: 0.4366782947009346
2023-03-16 18:41:21 | HR-A @1|5|10: 0.3057988719031079	0.590657211374874	0.7012230496679837	
2023-03-16 18:41:21 | NDCG-A @5|10: 0.4556552294166389	0.4913943731743225	
2023-03-16 18:41:21 | MRR-B: 0.5093144024511234
2023-03-16 18:41:21 | HR-B @1|5|10: 0.3905516396223334	0.6493626658851889	0.7378842827251488	
2023-03-16 18:41:21 | NDCG-B @5|10: 0.5299752216221912	0.5586682215259572	
2023-03-16 18:41:21 | 
2023-03-16 18:41:51 | Epoch 16/20 - client 5 -  Training Loss: 3.997
2023-03-16 18:42:21 | Epoch 16/20 - client 1 -  Training Loss: 4.013
2023-03-16 18:42:50 | Epoch 16/20 - client 6 -  Training Loss: 4.006
2023-03-16 18:43:20 | Epoch 16/20 - client 3 -  Training Loss: 4.024
2023-03-16 18:43:50 | Epoch 16/20 - client 4 -  Training Loss: 3.991
2023-03-16 18:44:20 | Epoch 16/20 - client 7 -  Training Loss: 3.984
2023-03-16 18:44:50 | Epoch 16/20 - client 2 -  Training Loss: 3.983
2023-03-16 18:45:19 | Epoch 16/20 - client 0 -  Training Loss: 4.016
2023-03-16 18:45:34 | Epoch16 Valid:
2023-03-16 18:45:34 | MRR-A: 0.4416562713162098
2023-03-16 18:45:34 | HR-A @1|5|10: 0.3088926420867201	0.6002687932148625	0.7133777740053638	
2023-03-16 18:45:34 | NDCG-A @5|10: 0.46190471008302797	0.4987285219277167	
2023-03-16 18:45:34 | MRR-B: 0.5112162217779962
2023-03-16 18:45:34 | HR-B @1|5|10: 0.395943275156338	0.6505259457197652	0.7317023294894229	
2023-03-16 18:45:34 | NDCG-B @5|10: 0.5315604554352055	0.5580325345115533	
2023-03-16 18:45:34 | 
2023-03-16 18:46:03 | Epoch 17/20 - client 2 -  Training Loss: 3.909
2023-03-16 18:46:32 | Epoch 17/20 - client 1 -  Training Loss: 3.952
2023-03-16 18:47:03 | Epoch 17/20 - client 3 -  Training Loss: 3.953
2023-03-16 18:47:33 | Epoch 17/20 - client 5 -  Training Loss: 3.945
2023-03-16 18:48:03 | Epoch 17/20 - client 4 -  Training Loss: 3.921
2023-03-16 18:48:34 | Epoch 17/20 - client 6 -  Training Loss: 3.939
2023-03-16 18:49:04 | Epoch 17/20 - client 0 -  Training Loss: 3.966
2023-03-16 18:49:36 | Epoch 17/20 - client 7 -  Training Loss: 3.911
2023-03-16 18:49:52 | Epoch17 Valid:
2023-03-16 18:49:52 | MRR-A: 0.43842899969824967
2023-03-16 18:49:52 | HR-A @1|5|10: 0.3054915598840669	0.5914405279095538	0.7097024462205763	
2023-03-16 18:49:52 | NDCG-A @5|10: 0.45674498461966645	0.4951185348720802	
2023-03-16 18:49:52 | MRR-B: 0.5061714740104365
2023-03-16 18:49:52 | HR-B @1|5|10: 0.38786235699720567	0.6458324245652093	0.7357980151047664	
2023-03-16 18:49:52 | NDCG-B @5|10: 0.525837894638886	0.5551772587830596	
2023-03-16 18:49:52 | 
2023-03-16 18:50:22 | Epoch 18/20 - client 7 -  Training Loss: 3.840
2023-03-16 18:50:53 | Epoch 18/20 - client 5 -  Training Loss: 3.882
2023-03-16 18:51:23 | Epoch 18/20 - client 6 -  Training Loss: 3.873
2023-03-16 18:51:54 | Epoch 18/20 - client 4 -  Training Loss: 3.850
2023-03-16 18:52:26 | Epoch 18/20 - client 2 -  Training Loss: 3.855
2023-03-16 18:52:58 | Epoch 18/20 - client 3 -  Training Loss: 3.915
2023-03-16 18:53:29 | Epoch 18/20 - client 0 -  Training Loss: 3.880
2023-03-16 18:54:01 | Epoch 18/20 - client 1 -  Training Loss: 3.875
2023-03-16 18:54:16 | Epoch18 Valid:
2023-03-16 18:54:16 | MRR-A: 0.4358440750276878
2023-03-16 18:54:16 | HR-A @1|5|10: 0.30384790219577795	0.5895285282219939	0.7038197501856722	
2023-03-16 18:54:16 | NDCG-A @5|10: 0.45418545568732616	0.4912707109880122	
2023-03-16 18:54:16 | MRR-B: 0.5098542578528069
2023-03-16 18:54:16 | HR-B @1|5|10: 0.3914113988674991	0.6532050772021923	0.7384716309187997	
2023-03-16 18:54:16 | NDCG-B @5|10: 0.530787472571822	0.5587580874855103	
2023-03-16 18:54:16 | 
2023-03-16 18:54:49 | Epoch 19/20 - client 7 -  Training Loss: 3.798
2023-03-16 18:55:21 | Epoch 19/20 - client 4 -  Training Loss: 3.799
2023-03-16 18:55:50 | Epoch 19/20 - client 5 -  Training Loss: 3.839
2023-03-16 18:56:22 | Epoch 19/20 - client 3 -  Training Loss: 3.851
2023-03-16 18:56:53 | Epoch 19/20 - client 0 -  Training Loss: 3.846
2023-03-16 18:57:25 | Epoch 19/20 - client 6 -  Training Loss: 3.813
2023-03-16 18:57:56 | Epoch 19/20 - client 1 -  Training Loss: 3.840
2023-03-16 18:58:28 | Epoch 19/20 - client 2 -  Training Loss: 3.810
2023-03-16 18:58:44 | Epoch19 Valid:
2023-03-16 18:58:44 | MRR-A: 0.4327573467328249
2023-03-16 18:58:44 | HR-A @1|5|10: 0.3005405211051951	0.584623630646016	0.7004645741909976	
2023-03-16 18:58:44 | NDCG-A @5|10: 0.4502018434927877	0.4878503093419144	
2023-03-16 18:58:44 | MRR-B: 0.5093471667862338
2023-03-16 18:58:44 | HR-B @1|5|10: 0.3933702888592572	0.6511091775841982	0.7367464654303914	
2023-03-16 18:58:44 | NDCG-B @5|10: 0.5300144363244939	0.5578426013168872	
2023-03-16 18:58:44 | 
2023-03-16 18:59:15 | Epoch 20/20 - client 7 -  Training Loss: 3.766
2023-03-16 18:59:47 | Epoch 20/20 - client 5 -  Training Loss: 3.762
2023-03-16 19:00:18 | Epoch 20/20 - client 0 -  Training Loss: 3.796
2023-03-16 19:00:51 | Epoch 20/20 - client 6 -  Training Loss: 3.751
2023-03-16 19:01:21 | Epoch 20/20 - client 4 -  Training Loss: 3.751
2023-03-16 19:01:53 | Epoch 20/20 - client 1 -  Training Loss: 3.788
2023-03-16 19:02:24 | Epoch 20/20 - client 3 -  Training Loss: 3.794
2023-03-16 19:02:56 | Epoch 20/20 - client 2 -  Training Loss: 3.775
2023-03-16 19:03:12 | Epoch20 Valid:
2023-03-16 19:03:12 | MRR-A: 0.4380204781084383
2023-03-16 19:03:12 | HR-A @1|5|10: 0.3048135640401628	0.5939541476815497	0.714118780511851	
2023-03-16 19:03:12 | NDCG-A @5|10: 0.456944028126705	0.49572271696773507	
2023-03-16 19:03:12 | MRR-B: 0.5117570573156965
2023-03-16 19:03:12 | HR-B @1|5|10: 0.398153088070993	0.6479605989782699	0.7361484019568209	
2023-03-16 19:03:12 | NDCG-B @5|10: 0.530867171712023	0.559466534247469	
2023-03-16 19:03:12 | 
2023-03-16 19:03:28 | Test:
2023-03-16 19:03:28 | MRR-B: 0.517328765919207
2023-03-16 19:03:28 | HR-B @1|5|10: 0.391814014243173	0.6730109070374728	0.7597561998013258	
2023-03-16 19:03:28 | NDCG-B @5|10: 0.5420184201900982	0.5703148911366461	
2023-03-16 19:03:28 | 
