2023-02-03 15:44:00 | Epoch 1/20 - client 1 -  Training Loss: 8.646
2023-02-03 15:44:27 | Epoch 1/20 - client 0 -  Training Loss: 8.106
2023-02-03 15:44:53 | Epoch 1/20 - client 4 -  Training Loss: 7.721
2023-02-03 15:45:20 | Epoch 1/20 - client 7 -  Training Loss: 7.423
2023-02-03 15:45:47 | Epoch 1/20 - client 5 -  Training Loss: 7.131
2023-02-03 15:46:14 | Epoch 1/20 - client 2 -  Training Loss: 6.849
2023-02-03 15:46:41 | Epoch 1/20 - client 3 -  Training Loss: 6.532
2023-02-03 15:47:08 | Epoch 1/20 - client 8 -  Training Loss: 6.222
2023-02-03 15:47:33 | Epoch 1/20 - client 6 -  Training Loss: 5.963
2023-02-03 15:48:00 | Epoch 1/20 - client 9 -  Training Loss: 5.758
2023-02-03 15:48:19 | Epoch1 Valid:
2023-02-03 15:48:19 | MRR-A: 0.39889119037086934
2023-02-03 15:48:19 | HR-A @1|5|10: 0.27474130937104374	0.5395547716752686	0.6465086072671652	
2023-02-03 15:48:19 | NDCG-A @5|10: 0.4141196494994885	0.4489947921033708	
2023-02-03 15:48:19 | MRR-B: 0.46094422555545256
2023-02-03 15:48:19 | HR-B @1|5|10: 0.3516384922316857	0.5930615447590953	0.6769278943251805	
2023-02-03 15:48:19 | NDCG-B @5|10: 0.47867225965743126	0.5057283740304495	
2023-02-03 15:48:19 | 
2023-02-03 15:48:46 | Epoch 2/20 - client 8 -  Training Loss: 6.178
2023-02-03 15:49:13 | Epoch 2/20 - client 2 -  Training Loss: 6.150
2023-02-03 15:49:40 | Epoch 2/20 - client 5 -  Training Loss: 6.180
2023-02-03 15:50:08 | Epoch 2/20 - client 9 -  Training Loss: 6.285
2023-02-03 15:50:34 | Epoch 2/20 - client 4 -  Training Loss: 6.204
2023-02-03 15:51:00 | Epoch 2/20 - client 3 -  Training Loss: 6.182
2023-02-03 15:51:27 | Epoch 2/20 - client 7 -  Training Loss: 6.194
2023-02-03 15:51:54 | Epoch 2/20 - client 6 -  Training Loss: 6.232
2023-02-03 15:52:21 | Epoch 2/20 - client 1 -  Training Loss: 6.236
2023-02-03 15:52:46 | Epoch 2/20 - client 0 -  Training Loss: 6.230
2023-02-03 15:53:04 | Epoch2 Valid:
2023-02-03 15:53:04 | MRR-A: 0.4157094999438369
2023-02-03 15:53:04 | HR-A @1|5|10: 0.29177071008042316	0.5537911860224324	0.6689144564215124	
2023-02-03 15:53:04 | NDCG-A @5|10: 0.4301861831255731	0.4675448604665461	
2023-02-03 15:53:04 | MRR-B: 0.4832720982787786
2023-02-03 15:53:04 | HR-B @1|5|10: 0.372566322069867	0.6098597018298225	0.696573592364243	
2023-02-03 15:53:04 | NDCG-B @5|10: 0.49965349905370393	0.5277375669606419	
2023-02-03 15:53:04 | 
2023-02-03 15:53:31 | Epoch 3/20 - client 5 -  Training Loss: 5.758
2023-02-03 15:53:58 | Epoch 3/20 - client 3 -  Training Loss: 5.752
2023-02-03 15:54:26 | Epoch 3/20 - client 6 -  Training Loss: 5.795
2023-02-03 15:54:53 | Epoch 3/20 - client 4 -  Training Loss: 5.751
2023-02-03 15:55:19 | Epoch 3/20 - client 2 -  Training Loss: 5.729
2023-02-03 15:55:46 | Epoch 3/20 - client 9 -  Training Loss: 5.832
2023-02-03 15:56:13 | Epoch 3/20 - client 0 -  Training Loss: 5.796
2023-02-03 15:56:39 | Epoch 3/20 - client 1 -  Training Loss: 5.793
2023-02-03 15:57:06 | Epoch 3/20 - client 8 -  Training Loss: 5.753
2023-02-03 15:57:32 | Epoch 3/20 - client 7 -  Training Loss: 5.772
2023-02-03 15:57:50 | Epoch3 Valid:
2023-02-03 15:57:50 | MRR-A: 0.41630429736466135
2023-02-03 15:57:50 | HR-A @1|5|10: 0.28433411872589354	0.5689202094703909	0.6691317869710652	
2023-02-03 15:57:50 | NDCG-A @5|10: 0.4354624331874853	0.4681123751554575	
2023-02-03 15:57:50 | MRR-B: 0.49200530686379373
2023-02-03 15:57:50 | HR-B @1|5|10: 0.3819138182522669	0.6210762912165335	0.7065676818395975	
2023-02-03 15:57:50 | NDCG-B @5|10: 0.5091190456373104	0.5368481467027486	
2023-02-03 15:57:50 | 
2023-02-03 15:58:16 | Epoch 4/20 - client 1 -  Training Loss: 5.455
2023-02-03 15:58:42 | Epoch 4/20 - client 7 -  Training Loss: 5.434
2023-02-03 15:59:08 | Epoch 4/20 - client 5 -  Training Loss: 5.453
2023-02-03 15:59:36 | Epoch 4/20 - client 9 -  Training Loss: 5.508
2023-02-03 16:00:01 | Epoch 4/20 - client 6 -  Training Loss: 5.467
2023-02-03 16:00:28 | Epoch 4/20 - client 0 -  Training Loss: 5.466
2023-02-03 16:00:55 | Epoch 4/20 - client 3 -  Training Loss: 5.463
2023-02-03 16:01:23 | Epoch 4/20 - client 4 -  Training Loss: 5.438
2023-02-03 16:01:49 | Epoch 4/20 - client 2 -  Training Loss: 5.410
2023-02-03 16:02:16 | Epoch 4/20 - client 8 -  Training Loss: 5.448
2023-02-03 16:02:36 | Epoch4 Valid:
2023-02-03 16:02:36 | MRR-A: 0.42850644131533167
2023-02-03 16:02:36 | HR-A @1|5|10: 0.2994891897658852	0.5762967612525001	0.6864793596440839	
2023-02-03 16:02:36 | NDCG-A @5|10: 0.44597814095771526	0.4817133311435077	
2023-02-03 16:02:36 | MRR-B: 0.4978830537038375
2023-02-03 16:02:36 | HR-B @1|5|10: 0.38197362621856257	0.63640611908953	0.7165429203859223	
2023-02-03 16:02:36 | NDCG-B @5|10: 0.5179714201745776	0.5441225222750697	
2023-02-03 16:02:36 | 
2023-02-03 16:03:02 | Epoch 5/20 - client 4 -  Training Loss: 5.175
2023-02-03 16:03:28 | Epoch 5/20 - client 2 -  Training Loss: 5.182
2023-02-03 16:03:56 | Epoch 5/20 - client 1 -  Training Loss: 5.217
2023-02-03 16:04:23 | Epoch 5/20 - client 8 -  Training Loss: 5.184
2023-02-03 16:04:49 | Epoch 5/20 - client 0 -  Training Loss: 5.229
2023-02-03 16:05:15 | Epoch 5/20 - client 5 -  Training Loss: 5.191
2023-02-03 16:05:42 | Epoch 5/20 - client 9 -  Training Loss: 5.245
2023-02-03 16:06:09 | Epoch 5/20 - client 7 -  Training Loss: 5.191
2023-02-03 16:06:37 | Epoch 5/20 - client 6 -  Training Loss: 5.222
2023-02-03 16:07:03 | Epoch 5/20 - client 3 -  Training Loss: 5.207
2023-02-03 16:07:21 | Epoch5 Valid:
2023-02-03 16:07:21 | MRR-A: 0.43016357135230915
2023-02-03 16:07:21 | HR-A @1|5|10: 0.3008885245479135	0.5787420619238842	0.6924394283697061	
2023-02-03 16:07:21 | NDCG-A @5|10: 0.44770639041449545	0.48452592525972693	
2023-02-03 16:07:21 | MRR-B: 0.49876076385592505
2023-02-03 16:07:21 | HR-B @1|5|10: 0.3837871249032466	0.6347366549583036	0.7238747936787322	
2023-02-03 16:07:21 | NDCG-B @5|10: 0.51750771494316	0.5465178248616533	
2023-02-03 16:07:21 | 
2023-02-03 16:07:48 | Epoch 6/20 - client 5 -  Training Loss: 4.973
2023-02-03 16:08:15 | Epoch 6/20 - client 2 -  Training Loss: 4.964
2023-02-03 16:08:43 | Epoch 6/20 - client 9 -  Training Loss: 5.049
2023-02-03 16:09:09 | Epoch 6/20 - client 4 -  Training Loss: 4.979
2023-02-03 16:09:37 | Epoch 6/20 - client 6 -  Training Loss: 5.010
2023-02-03 16:10:04 | Epoch 6/20 - client 0 -  Training Loss: 5.024
2023-02-03 16:10:32 | Epoch 6/20 - client 1 -  Training Loss: 5.028
2023-02-03 16:10:59 | Epoch 6/20 - client 8 -  Training Loss: 4.990
2023-02-03 16:11:27 | Epoch 6/20 - client 3 -  Training Loss: 5.021
2023-02-03 16:11:55 | Epoch 6/20 - client 7 -  Training Loss: 4.974
2023-02-03 16:12:13 | Epoch6 Valid:
2023-02-03 16:12:13 | MRR-A: 0.43219286340856583
2023-02-03 16:12:13 | HR-A @1|5|10: 0.3011030716897011	0.5832089604060899	0.6939234606054692	
2023-02-03 16:12:13 | NDCG-A @5|10: 0.4504912097155039	0.4866024487064322	
2023-02-03 16:12:13 | MRR-B: 0.5006841734273164
2023-02-03 16:12:13 | HR-B @1|5|10: 0.3836204111466269	0.6446497344060149	0.7189541878024024	
2023-02-03 16:12:13 | NDCG-B @5|10: 0.5230796429908221	0.546966731199598	
2023-02-03 16:12:13 | 
2023-02-03 16:12:40 | Epoch 7/20 - client 5 -  Training Loss: 4.809
2023-02-03 16:13:08 | Epoch 7/20 - client 8 -  Training Loss: 4.788
2023-02-03 16:13:35 | Epoch 7/20 - client 7 -  Training Loss: 4.811
2023-02-03 16:14:03 | Epoch 7/20 - client 0 -  Training Loss: 4.837
2023-02-03 16:14:30 | Epoch 7/20 - client 3 -  Training Loss: 4.850
2023-02-03 16:14:58 | Epoch 7/20 - client 1 -  Training Loss: 4.821
2023-02-03 16:15:26 | Epoch 7/20 - client 6 -  Training Loss: 4.832
2023-02-03 16:15:52 | Epoch 7/20 - client 9 -  Training Loss: 4.854
2023-02-03 16:16:20 | Epoch 7/20 - client 2 -  Training Loss: 4.791
2023-02-03 16:16:47 | Epoch 7/20 - client 4 -  Training Loss: 4.818
2023-02-03 16:17:05 | Epoch7 Valid:
2023-02-03 16:17:05 | MRR-A: 0.4298285924306669
2023-02-03 16:17:05 | HR-A @1|5|10: 0.2996233549149101	0.5831798163319603	0.6934831177858176	
2023-02-03 16:17:05 | NDCG-A @5|10: 0.448535504715407	0.4844705866905498	
2023-02-03 16:17:05 | MRR-B: 0.507465304743985
2023-02-03 16:17:05 | HR-B @1|5|10: 0.3948134907581697	0.6411537558732883	0.7267902468291872	
2023-02-03 16:17:05 | NDCG-B @5|10: 0.526051195597976	0.5540008845248438	
2023-02-03 16:17:05 | 
2023-02-03 16:17:32 | Epoch 8/20 - client 1 -  Training Loss: 4.685
2023-02-03 16:17:59 | Epoch 8/20 - client 2 -  Training Loss: 4.655
2023-02-03 16:18:26 | Epoch 8/20 - client 4 -  Training Loss: 4.658
2023-02-03 16:18:53 | Epoch 8/20 - client 3 -  Training Loss: 4.690
2023-02-03 16:19:20 | Epoch 8/20 - client 8 -  Training Loss: 4.650
2023-02-03 16:19:47 | Epoch 8/20 - client 7 -  Training Loss: 4.653
2023-02-03 16:20:14 | Epoch 8/20 - client 9 -  Training Loss: 4.703
2023-02-03 16:20:42 | Epoch 8/20 - client 6 -  Training Loss: 4.695
2023-02-03 16:21:09 | Epoch 8/20 - client 5 -  Training Loss: 4.665
2023-02-03 16:21:38 | Epoch 8/20 - client 0 -  Training Loss: 4.702
2023-02-03 16:21:55 | Epoch8 Valid:
2023-02-03 16:21:55 | MRR-A: 0.43469629302699053
2023-02-03 16:21:55 | HR-A @1|5|10: 0.30536803814384444	0.5807320204022859	0.694712837518431	
2023-02-03 16:21:55 | NDCG-A @5|10: 0.45133324634595373	0.4883464320411205	
2023-02-03 16:21:55 | MRR-B: 0.5085478627899048
2023-02-03 16:21:55 | HR-B @1|5|10: 0.3913873934395766	0.6435851951786103	0.7330554951946467	
2023-02-03 16:21:55 | NDCG-B @5|10: 0.5276310940972668	0.5565613315467784	
2023-02-03 16:21:55 | 
2023-02-03 16:22:23 | Epoch 9/20 - client 9 -  Training Loss: 4.564
2023-02-03 16:22:50 | Epoch 9/20 - client 5 -  Training Loss: 4.540
2023-02-03 16:23:17 | Epoch 9/20 - client 8 -  Training Loss: 4.522
2023-02-03 16:23:44 | Epoch 9/20 - client 2 -  Training Loss: 4.529
2023-02-03 16:24:11 | Epoch 9/20 - client 6 -  Training Loss: 4.573
2023-02-03 16:24:39 | Epoch 9/20 - client 7 -  Training Loss: 4.510
2023-02-03 16:25:06 | Epoch 9/20 - client 1 -  Training Loss: 4.549
2023-02-03 16:25:34 | Epoch 9/20 - client 0 -  Training Loss: 4.572
2023-02-03 16:26:00 | Epoch 9/20 - client 3 -  Training Loss: 4.560
2023-02-03 16:26:27 | Epoch 9/20 - client 4 -  Training Loss: 4.541
2023-02-03 16:26:45 | Epoch9 Valid:
2023-02-03 16:26:45 | MRR-A: 0.4345882541794467
2023-02-03 16:26:45 | HR-A @1|5|10: 0.30408626737334077	0.5833060438755356	0.6925759602740243	
2023-02-03 16:26:45 | NDCG-A @5|10: 0.45213251201503146	0.4876495534114992	
2023-02-03 16:26:45 | MRR-B: 0.5039053490270192
2023-02-03 16:26:45 | HR-B @1|5|10: 0.38733544328266545	0.6480042676885199	0.7335986133516744	
2023-02-03 16:26:45 | NDCG-B @5|10: 0.5252973650904396	0.5531941079732341	
2023-02-03 16:26:45 | 
2023-02-03 16:27:12 | Epoch 10/20 - client 5 -  Training Loss: 4.420
2023-02-03 16:27:39 | Epoch 10/20 - client 9 -  Training Loss: 4.462
2023-02-03 16:28:06 | Epoch 10/20 - client 1 -  Training Loss: 4.453
2023-02-03 16:28:33 | Epoch 10/20 - client 2 -  Training Loss: 4.412
2023-02-03 16:29:00 | Epoch 10/20 - client 3 -  Training Loss: 4.461
2023-02-03 16:29:27 | Epoch 10/20 - client 0 -  Training Loss: 4.457
2023-02-03 16:29:54 | Epoch 10/20 - client 8 -  Training Loss: 4.422
2023-02-03 16:30:22 | Epoch 10/20 - client 7 -  Training Loss: 4.410
2023-02-03 16:30:50 | Epoch 10/20 - client 4 -  Training Loss: 4.419
2023-02-03 16:31:17 | Epoch 10/20 - client 6 -  Training Loss: 4.438
2023-02-03 16:31:35 | Epoch10 Valid:
2023-02-03 16:31:35 | MRR-A: 0.43075762478725765
2023-02-03 16:31:35 | HR-A @1|5|10: 0.2984103342257122	0.5829782130787877	0.7019968606615384	
2023-02-03 16:31:35 | NDCG-A @5|10: 0.44879090718598735	0.4874615347981608	
2023-02-03 16:31:35 | MRR-B: 0.5062655427722043
2023-02-03 16:31:35 | HR-B @1|5|10: 0.3880157242383003	0.6473327566402134	0.7308729420436286	
2023-02-03 16:31:35 | NDCG-B @5|10: 0.5270255132995869	0.5543930889131294	
2023-02-03 16:31:35 | 
2023-02-03 16:32:02 | Epoch 11/20 - client 6 -  Training Loss: 4.319
2023-02-03 16:32:29 | Epoch 11/20 - client 5 -  Training Loss: 4.339
2023-02-03 16:32:56 | Epoch 11/20 - client 1 -  Training Loss: 4.332
2023-02-03 16:33:24 | Epoch 11/20 - client 7 -  Training Loss: 4.306
2023-02-03 16:33:51 | Epoch 11/20 - client 3 -  Training Loss: 4.348
2023-02-03 16:34:17 | Epoch 11/20 - client 4 -  Training Loss: 4.322
2023-02-03 16:34:45 | Epoch 11/20 - client 8 -  Training Loss: 4.316
2023-02-03 16:35:15 | Epoch 11/20 - client 2 -  Training Loss: 4.302
2023-02-03 16:35:45 | Epoch 11/20 - client 0 -  Training Loss: 4.368
2023-02-03 16:36:15 | Epoch 11/20 - client 9 -  Training Loss: 4.351
2023-02-03 16:36:33 | Epoch11 Valid:
2023-02-03 16:36:33 | MRR-A: 0.4314819102638395
2023-02-03 16:36:33 | HR-A @1|5|10: 0.30014263928107165	0.5809464237693203	0.6940130740276396	
2023-02-03 16:36:33 | NDCG-A @5|10: 0.44882016842329053	0.48559535129365633	
2023-02-03 16:36:33 | MRR-B: 0.5027517151405492
2023-02-03 16:36:33 | HR-B @1|5|10: 0.3830779405876579	0.6464847357631851	0.7287142763600749	
2023-02-03 16:36:33 | NDCG-B @5|10: 0.5246442312841257	0.5511837433217992	
2023-02-03 16:36:33 | 
2023-02-03 16:37:03 | Epoch 12/20 - client 2 -  Training Loss: 4.225
2023-02-03 16:37:33 | Epoch 12/20 - client 5 -  Training Loss: 4.245
2023-02-03 16:38:03 | Epoch 12/20 - client 8 -  Training Loss: 4.229
2023-02-03 16:38:33 | Epoch 12/20 - client 1 -  Training Loss: 4.259
2023-02-03 16:39:02 | Epoch 12/20 - client 3 -  Training Loss: 4.254
2023-02-03 16:39:33 | Epoch 12/20 - client 6 -  Training Loss: 4.261
2023-02-03 16:40:02 | Epoch 12/20 - client 7 -  Training Loss: 4.217
2023-02-03 16:40:32 | Epoch 12/20 - client 4 -  Training Loss: 4.231
2023-02-03 16:41:01 | Epoch 12/20 - client 9 -  Training Loss: 4.268
2023-02-03 16:41:30 | Epoch 12/20 - client 0 -  Training Loss: 4.271
2023-02-03 16:41:48 | Epoch12 Valid:
2023-02-03 16:41:48 | MRR-A: 0.43508651883243304
2023-02-03 16:41:48 | HR-A @1|5|10: 0.30671329608749975	0.5833905529900568	0.6940350050771528	
2023-02-03 16:41:48 | NDCG-A @5|10: 0.45244240089854515	0.48833856764819666	
2023-02-03 16:41:48 | MRR-B: 0.5067034671166801
2023-02-03 16:41:48 | HR-B @1|5|10: 0.39363939830643063	0.6433933221717304	0.7345760987148346	
2023-02-03 16:41:48 | NDCG-B @5|10: 0.5257279021454145	0.5556722777545349	
2023-02-03 16:41:48 | 
2023-02-03 16:42:18 | Epoch 13/20 - client 0 -  Training Loss: 4.172
2023-02-03 16:42:45 | Epoch 13/20 - client 3 -  Training Loss: 4.191
2023-02-03 16:43:11 | Epoch 13/20 - client 6 -  Training Loss: 4.185
2023-02-03 16:43:38 | Epoch 13/20 - client 1 -  Training Loss: 4.165
2023-02-03 16:44:05 | Epoch 13/20 - client 9 -  Training Loss: 4.193
2023-02-03 16:44:33 | Epoch 13/20 - client 2 -  Training Loss: 4.143
2023-02-03 16:45:01 | Epoch 13/20 - client 4 -  Training Loss: 4.141
2023-02-03 16:45:28 | Epoch 13/20 - client 8 -  Training Loss: 4.147
2023-02-03 16:45:55 | Epoch 13/20 - client 7 -  Training Loss: 4.130
2023-02-03 16:46:23 | Epoch 13/20 - client 5 -  Training Loss: 4.159
2023-02-03 16:46:41 | Epoch13 Valid:
2023-02-03 16:46:41 | MRR-A: 0.436260750696452
2023-02-03 16:46:41 | HR-A @1|5|10: 0.3068189831277188	0.5885922284649902	0.6996843418190318	
2023-02-03 16:46:41 | NDCG-A @5|10: 0.4546425709015428	0.4906231069816952	
2023-02-03 16:46:41 | MRR-B: 0.5016917607132483
2023-02-03 16:46:41 | HR-B @1|5|10: 0.38091956978587205	0.6416039854684406	0.7421084152318687	
2023-02-03 16:46:41 | NDCG-B @5|10: 0.5207995302331072	0.5537085431681674	
2023-02-03 16:46:41 | 
2023-02-03 16:47:08 | Epoch 14/20 - client 4 -  Training Loss: 4.070
2023-02-03 16:47:35 | Epoch 14/20 - client 8 -  Training Loss: 4.069
2023-02-03 16:48:01 | Epoch 14/20 - client 6 -  Training Loss: 4.111
2023-02-03 16:48:30 | Epoch 14/20 - client 9 -  Training Loss: 4.106
2023-02-03 16:48:57 | Epoch 14/20 - client 3 -  Training Loss: 4.122
2023-02-03 16:49:25 | Epoch 14/20 - client 2 -  Training Loss: 4.080
2023-02-03 16:49:51 | Epoch 14/20 - client 5 -  Training Loss: 4.092
2023-02-03 16:50:18 | Epoch 14/20 - client 7 -  Training Loss: 4.067
2023-02-03 16:50:46 | Epoch 14/20 - client 0 -  Training Loss: 4.106
2023-02-03 16:51:12 | Epoch 14/20 - client 1 -  Training Loss: 4.101
2023-02-03 16:51:31 | Epoch14 Valid:
2023-02-03 16:51:31 | MRR-A: 0.43437801472753423
2023-02-03 16:51:31 | HR-A @1|5|10: 0.3033043062731524	0.5871286971826178	0.6985476177868132	
2023-02-03 16:51:31 | NDCG-A @5|10: 0.4530132629832277	0.4889849447945469	
2023-02-03 16:51:31 | MRR-B: 0.5097580999974373
2023-02-03 16:51:31 | HR-B @1|5|10: 0.38990623798701773	0.6600595961344659	0.7417710238952263	
2023-02-03 16:51:31 | NDCG-B @5|10: 0.5334485579368694	0.5600309987495956	
2023-02-03 16:51:31 | 
2023-02-03 16:51:57 | Epoch 15/20 - client 4 -  Training Loss: 3.993
2023-02-03 16:52:24 | Epoch 15/20 - client 5 -  Training Loss: 4.016
2023-02-03 16:52:51 | Epoch 15/20 - client 6 -  Training Loss: 4.048
2023-02-03 16:53:19 | Epoch 15/20 - client 7 -  Training Loss: 3.981
2023-02-03 16:53:46 | Epoch 15/20 - client 2 -  Training Loss: 4.004
2023-02-03 16:54:12 | Epoch 15/20 - client 1 -  Training Loss: 4.032
2023-02-03 16:54:39 | Epoch 15/20 - client 8 -  Training Loss: 4.002
2023-02-03 16:55:05 | Epoch 15/20 - client 9 -  Training Loss: 4.029
2023-02-03 16:55:33 | Epoch 15/20 - client 0 -  Training Loss: 4.056
2023-02-03 16:55:59 | Epoch 15/20 - client 3 -  Training Loss: 4.050
2023-02-03 16:56:18 | Epoch15 Valid:
2023-02-03 16:56:18 | MRR-A: 0.43576841143654593
2023-02-03 16:56:18 | HR-A @1|5|10: 0.30368501870494785	0.5920592120023012	0.7016240099859736	
2023-02-03 16:56:18 | NDCG-A @5|10: 0.45552822217148325	0.4909204831149649	
2023-02-03 16:56:18 | MRR-B: 0.5121631478746349
2023-02-03 16:56:18 | HR-B @1|5|10: 0.39221560846140574	0.6560208443752016	0.7364969127148788	
2023-02-03 16:56:18 | NDCG-B @5|10: 0.5344358895505502	0.5603839187078281	
2023-02-03 16:56:18 | 
2023-02-03 16:56:45 | Epoch 16/20 - client 5 -  Training Loss: 3.956
2023-02-03 16:57:11 | Epoch 16/20 - client 1 -  Training Loss: 3.960
2023-02-03 16:57:39 | Epoch 16/20 - client 9 -  Training Loss: 3.981
2023-02-03 16:58:06 | Epoch 16/20 - client 6 -  Training Loss: 3.956
2023-02-03 16:58:34 | Epoch 16/20 - client 4 -  Training Loss: 3.950
2023-02-03 16:59:01 | Epoch 16/20 - client 0 -  Training Loss: 3.987
2023-02-03 16:59:28 | Epoch 16/20 - client 8 -  Training Loss: 3.940
2023-02-03 16:59:55 | Epoch 16/20 - client 7 -  Training Loss: 3.958
2023-02-03 17:00:22 | Epoch 16/20 - client 2 -  Training Loss: 3.940
2023-02-03 17:00:50 | Epoch 16/20 - client 3 -  Training Loss: 3.985
2023-02-03 17:01:08 | Epoch16 Valid:
2023-02-03 17:01:08 | MRR-A: 0.43461867087578027
2023-02-03 17:01:08 | HR-A @1|5|10: 0.3032163246656276	0.5881200827327231	0.7012165397744579	
2023-02-03 17:01:08 | NDCG-A @5|10: 0.4529871873321045	0.48984744188528023	
2023-02-03 17:01:08 | MRR-B: 0.5101701436155948
2023-02-03 17:01:08 | HR-B @1|5|10: 0.3896702378345226	0.6540497160406544	0.7383650084734983	
2023-02-03 17:01:08 | NDCG-B @5|10: 0.5317737644793672	0.5593094500962806	
2023-02-03 17:01:08 | 
2023-02-03 17:01:35 | Epoch 17/20 - client 0 -  Training Loss: 3.936
2023-02-03 17:02:02 | Epoch 17/20 - client 2 -  Training Loss: 3.880
2023-02-03 17:02:29 | Epoch 17/20 - client 3 -  Training Loss: 3.937
2023-02-03 17:02:56 | Epoch 17/20 - client 8 -  Training Loss: 3.873
2023-02-03 17:03:23 | Epoch 17/20 - client 5 -  Training Loss: 3.908
2023-02-03 17:03:51 | Epoch 17/20 - client 7 -  Training Loss: 3.878
2023-02-03 17:04:18 | Epoch 17/20 - client 4 -  Training Loss: 3.895
2023-02-03 17:04:44 | Epoch 17/20 - client 9 -  Training Loss: 3.914
2023-02-03 17:05:12 | Epoch 17/20 - client 1 -  Training Loss: 3.905
2023-02-03 17:05:39 | Epoch 17/20 - client 6 -  Training Loss: 3.916
2023-02-03 17:05:58 | Epoch17 Valid:
2023-02-03 17:05:58 | MRR-A: 0.4360435138942369
2023-02-03 17:05:58 | HR-A @1|5|10: 0.3010507481763257	0.5931443762866897	0.706727550572715	
2023-02-03 17:05:58 | NDCG-A @5|10: 0.45558910834997424	0.49252489819803896	
2023-02-03 17:05:58 | MRR-B: 0.5076159934888632
2023-02-03 17:05:58 | HR-B @1|5|10: 0.38837192084539507	0.6512189661679136	0.7355785735998706	
2023-02-03 17:05:58 | NDCG-B @5|10: 0.5289738252321806	0.5564391546865861	
2023-02-03 17:05:58 | 
2023-02-03 17:06:25 | Epoch 18/20 - client 0 -  Training Loss: 3.872
2023-02-03 17:06:51 | Epoch 18/20 - client 4 -  Training Loss: 3.832
2023-02-03 17:07:17 | Epoch 18/20 - client 5 -  Training Loss: 3.859
2023-02-03 17:07:45 | Epoch 18/20 - client 7 -  Training Loss: 3.829
2023-02-03 17:08:12 | Epoch 18/20 - client 2 -  Training Loss: 3.824
2023-02-03 17:08:39 | Epoch 18/20 - client 3 -  Training Loss: 3.897
2023-02-03 17:09:06 | Epoch 18/20 - client 1 -  Training Loss: 3.839
2023-02-03 17:09:34 | Epoch 18/20 - client 6 -  Training Loss: 3.874
2023-02-03 17:10:02 | Epoch 18/20 - client 8 -  Training Loss: 3.838
2023-02-03 17:10:29 | Epoch 18/20 - client 9 -  Training Loss: 3.864
2023-02-03 17:10:48 | Epoch18 Valid:
2023-02-03 17:10:48 | MRR-A: 0.4382318883980399
2023-02-03 17:10:48 | HR-A @1|5|10: 0.3034688221454254	0.5938140786554345	0.7038549934288415	
2023-02-03 17:10:48 | NDCG-A @5|10: 0.45738018409128844	0.4932515127156983	
2023-02-03 17:10:48 | MRR-B: 0.5108364653723033
2023-02-03 17:10:48 | HR-B @1|5|10: 0.38963832025279144	0.658176231907784	0.7457331420031492	
2023-02-03 17:10:48 | NDCG-B @5|10: 0.5332865063164304	0.5620039528442852	
2023-02-03 17:10:48 | 
2023-02-03 17:11:15 | Epoch 19/20 - client 8 -  Training Loss: 3.775
2023-02-03 17:11:42 | Epoch 19/20 - client 2 -  Training Loss: 3.792
2023-02-03 17:12:10 | Epoch 19/20 - client 6 -  Training Loss: 3.798
2023-02-03 17:12:38 | Epoch 19/20 - client 7 -  Training Loss: 3.787
2023-02-03 17:13:04 | Epoch 19/20 - client 1 -  Training Loss: 3.802
2023-02-03 17:13:32 | Epoch 19/20 - client 3 -  Training Loss: 3.834
2023-02-03 17:13:59 | Epoch 19/20 - client 9 -  Training Loss: 3.805
2023-02-03 17:14:26 | Epoch 19/20 - client 5 -  Training Loss: 3.796
2023-02-03 17:14:54 | Epoch 19/20 - client 4 -  Training Loss: 3.792
2023-02-03 17:15:21 | Epoch 19/20 - client 0 -  Training Loss: 3.812
2023-02-03 17:15:38 | Epoch19 Valid:
2023-02-03 17:15:38 | MRR-A: 0.4364095514977287
2023-02-03 17:15:38 | HR-A @1|5|10: 0.3026954037157126	0.593536065790006	0.7074377119460928	
2023-02-03 17:15:38 | NDCG-A @5|10: 0.4558006960278008	0.492830915497644	
2023-02-03 17:15:38 | MRR-B: 0.505535423091263
2023-02-03 17:15:38 | HR-B @1|5|10: 0.3837605762113128	0.6575497223365416	0.7383551190696062	
2023-02-03 17:15:38 | NDCG-B @5|10: 0.5296209028903136	0.5556755380983226	
2023-02-03 17:15:38 | 
2023-02-03 17:16:06 | Epoch 20/20 - client 8 -  Training Loss: 3.729
2023-02-03 17:16:33 | Epoch 20/20 - client 6 -  Training Loss: 3.745
2023-02-03 17:17:00 | Epoch 20/20 - client 7 -  Training Loss: 3.734
2023-02-03 17:17:28 | Epoch 20/20 - client 0 -  Training Loss: 3.778
2023-02-03 17:17:55 | Epoch 20/20 - client 2 -  Training Loss: 3.721
2023-02-03 17:18:23 | Epoch 20/20 - client 3 -  Training Loss: 3.769
2023-02-03 17:18:50 | Epoch 20/20 - client 5 -  Training Loss: 3.754
2023-02-03 17:19:17 | Epoch 20/20 - client 1 -  Training Loss: 3.757
2023-02-03 17:19:44 | Epoch 20/20 - client 9 -  Training Loss: 3.754
2023-02-03 17:20:11 | Epoch 20/20 - client 4 -  Training Loss: 3.745
2023-02-03 17:20:30 | Epoch20 Valid:
2023-02-03 17:20:30 | MRR-A: 0.441380068877466
2023-02-03 17:20:30 | HR-A @1|5|10: 0.3113462125045578	0.5917046248210427	0.7106313358308658	
2023-02-03 17:20:30 | NDCG-A @5|10: 0.45908275887907535	0.4973218717570561	
2023-02-03 17:20:30 | MRR-B: 0.5088238443479532
2023-02-03 17:20:30 | HR-B @1|5|10: 0.389090691452888	0.6586921064507862	0.7489731741305301	
2023-02-03 17:20:30 | NDCG-B @5|10: 0.5317956485002776	0.5610145277566838	
2023-02-03 17:20:30 | 
2023-02-03 17:20:49 | Test:
2023-02-03 17:20:49 | MRR-A: 0.4367973464666555
2023-02-03 17:20:49 | HR-A @1|5|10: 0.30752391819934727	0.5849927679070799	0.7002223494911065	
2023-02-03 17:20:49 | NDCG-A @5|10: 0.4536855472375315	0.4911061016580168	
2023-02-03 17:20:49 | MRR-B: 0.521005775102623
2023-02-03 17:20:49 | HR-B @1|5|10: 0.40252981500965646	0.6695117579951676	0.7605103847790035	
2023-02-03 17:20:49 | NDCG-B @5|10: 0.5435878002596344	0.5730263916234466	
2023-02-03 17:20:49 | 
