2023-03-17 02:36:49 | Epoch 1/20 - client 0 -  Training Loss: 10.826
2023-03-17 02:36:59 | Epoch 1/20 - client 5 -  Training Loss: 10.679
2023-03-17 02:37:08 | Epoch 1/20 - client 3 -  Training Loss: 10.371
2023-03-17 02:37:18 | Epoch 1/20 - client 4 -  Training Loss: 9.947
2023-03-17 02:37:28 | Epoch 1/20 - client 2 -  Training Loss: 9.622
2023-03-17 02:37:38 | Epoch 1/20 - client 6 -  Training Loss: 9.305
2023-03-17 02:37:48 | Epoch 1/20 - client 1 -  Training Loss: 9.045
2023-03-17 02:37:57 | Epoch 1/20 - client 7 -  Training Loss: 8.681
2023-03-17 02:38:04 | Epoch1 Valid:
2023-03-17 02:38:04 | MRR-A: 0.05636380505608631
2023-03-17 02:38:04 | HR-A @1|5|10: 0.027772255211899324	0.07479184971856981	0.10572749406812476	
2023-03-17 02:38:04 | NDCG-A @5|10: 0.05187616556161121	0.06180533859097197	
2023-03-17 02:38:04 | MRR-B: 0.03082376725196157
2023-03-17 02:38:04 | HR-B @1|5|10: 0.011478572660677262	0.03883172210580838	0.05731365740801405	
2023-03-17 02:38:04 | NDCG-B @5|10: 0.025058004034938956	0.031010410634340704	
2023-03-17 02:38:04 | 
2023-03-17 02:38:11 | Test:
2023-03-17 02:38:11 | MRR-A: 0.055679944892500596
2023-03-17 02:38:11 | HR-A @1|5|10: 0.03053788495350546	0.06892557525193062	0.09555113050752252	
2023-03-17 02:38:11 | NDCG-A @5|10: 0.05066681595096062	0.05921496666724465	
2023-03-17 02:38:11 | MRR-B: 0.031742542198417836
2023-03-17 02:38:11 | HR-B @1|5|10: 0.011826638947479333	0.03896291679217993	0.05995124366797158	
2023-03-17 02:38:11 | NDCG-B @5|10: 0.025592545706399544	0.03231855668545999	
2023-03-17 02:38:11 | 
2023-03-17 02:38:21 | Epoch 2/20 - client 4 -  Training Loss: 8.561
2023-03-17 02:38:30 | Epoch 2/20 - client 5 -  Training Loss: 8.290
2023-03-17 02:38:40 | Epoch 2/20 - client 3 -  Training Loss: 8.494
2023-03-17 02:38:50 | Epoch 2/20 - client 1 -  Training Loss: 8.952
2023-03-17 02:39:00 | Epoch 2/20 - client 0 -  Training Loss: 8.345
2023-03-17 02:39:09 | Epoch 2/20 - client 6 -  Training Loss: 8.786
2023-03-17 02:39:18 | Epoch 2/20 - client 7 -  Training Loss: 9.036
2023-03-17 02:39:28 | Epoch 2/20 - client 2 -  Training Loss: 8.622
2023-03-17 02:39:35 | Epoch2 Valid:
2023-03-17 02:39:35 | MRR-A: 0.060565203528457165
2023-03-17 02:39:35 | HR-A @1|5|10: 0.03216265371634116	0.07758477130386689	0.11023547999668572	
2023-03-17 02:39:35 | NDCG-A @5|10: 0.05593832713756952	0.06648303886074904	
2023-03-17 02:39:35 | MRR-B: 0.031120065364461793
2023-03-17 02:39:35 | HR-B @1|5|10: 0.011289644135816282	0.04048008535895477	0.05913355519661821	
2023-03-17 02:39:35 | NDCG-B @5|10: 0.026087167706077705	0.03207351976575567	
2023-03-17 02:39:35 | 
2023-03-17 02:39:41 | Test:
2023-03-17 02:39:41 | MRR-A: 0.05752900768241049
2023-03-17 02:39:41 | HR-A @1|5|10: 0.031200314079650522	0.07261300317136014	0.09937588121584157	
2023-03-17 02:39:41 | NDCG-A @5|10: 0.053179732414831274	0.06176382953497022	
2023-03-17 02:39:41 | MRR-B: 0.030602855109501576
2023-03-17 02:39:41 | HR-B @1|5|10: 0.00970735933924569	0.03876469411874876	0.06440238358683817	
2023-03-17 02:39:41 | NDCG-B @5|10: 0.02417594162683128	0.032367565683936124	
2023-03-17 02:39:41 | 
2023-03-17 02:39:51 | Epoch 3/20 - client 6 -  Training Loss: 8.226
2023-03-17 02:40:00 | Epoch 3/20 - client 2 -  Training Loss: 8.170
2023-03-17 02:40:10 | Epoch 3/20 - client 5 -  Training Loss: 7.805
2023-03-17 02:40:19 | Epoch 3/20 - client 7 -  Training Loss: 8.373
2023-03-17 02:40:30 | Epoch 3/20 - client 4 -  Training Loss: 8.021
2023-03-17 02:40:39 | Epoch 3/20 - client 3 -  Training Loss: 7.988
2023-03-17 02:40:48 | Epoch 3/20 - client 1 -  Training Loss: 8.382
2023-03-17 02:40:58 | Epoch 3/20 - client 0 -  Training Loss: 7.867
2023-03-17 02:41:04 | Epoch3 Valid:
2023-03-17 02:41:04 | MRR-A: 0.06392084285954648
2023-03-17 02:41:04 | HR-A @1|5|10: 0.036714261755604154	0.08137716850130314	0.10863296493620489	
2023-03-17 02:41:04 | NDCG-A @5|10: 0.05981033105852965	0.0684246175377772	
2023-03-17 02:41:04 | MRR-B: 0.030875495059204835
2023-03-17 02:41:04 | HR-B @1|5|10: 0.011771783813933817	0.03934821916882453	0.0611693491202088	
2023-03-17 02:41:04 | NDCG-B @5|10: 0.025152923589187772	0.032113349392926316	
2023-03-17 02:41:04 | 
2023-03-17 02:41:11 | Test:
2023-03-17 02:41:11 | MRR-A: 0.06270303236391574
2023-03-17 02:41:11 | HR-A @1|5|10: 0.03964632247835266	0.07620528394612562	0.10344348343565883	
2023-03-17 02:41:11 | NDCG-A @5|10: 0.05776863580831062	0.06643812278791952	
2023-03-17 02:41:20 | Epoch 4/20 - client 3 -  Training Loss: 7.567
2023-03-17 02:41:30 | Epoch 4/20 - client 4 -  Training Loss: 7.603
2023-03-17 02:41:39 | Epoch 4/20 - client 2 -  Training Loss: 7.642
2023-03-17 02:41:48 | Epoch 4/20 - client 5 -  Training Loss: 7.353
2023-03-17 02:41:58 | Epoch 4/20 - client 6 -  Training Loss: 7.734
2023-03-17 02:42:07 | Epoch 4/20 - client 1 -  Training Loss: 7.912
2023-03-17 02:42:17 | Epoch 4/20 - client 0 -  Training Loss: 7.459
2023-03-17 02:42:26 | Epoch 4/20 - client 7 -  Training Loss: 7.867
2023-03-17 02:42:34 | Epoch4 Valid:
2023-03-17 02:42:34 | MRR-A: 0.0644220094868846
2023-03-17 02:42:34 | HR-A @1|5|10: 0.03574038751523133	0.08655083498692702	0.11572129208023159	
2023-03-17 02:42:34 | NDCG-A @5|10: 0.0612991444687056	0.07063952022504269	
2023-03-17 02:42:34 | MRR-B: 0.03258972864044085
2023-03-17 02:42:34 | HR-B @1|5|10: 0.011944644091250123	0.040412191055880994	0.06302887653251754	
2023-03-17 02:42:34 | NDCG-B @5|10: 0.026724189838428787	0.03396782438429696	
2023-03-17 02:42:34 | 
2023-03-17 02:42:41 | Test:
2023-03-17 02:42:41 | MRR-A: 0.06308309745833411
2023-03-17 02:42:41 | HR-A @1|5|10: 0.03571005103680596	0.08134099966653989	0.10754478587330919	
2023-03-17 02:42:41 | NDCG-A @5|10: 0.05949541223783546	0.06796565898928128	
2023-03-17 02:42:41 | MRR-B: 0.03569871493170141
2023-03-17 02:42:41 | HR-B @1|5|10: 0.015088964599273261	0.04378345772452987	0.0694220343440194	
2023-03-17 02:42:41 | NDCG-B @5|10: 0.029467412081411355	0.03767521365972918	
2023-03-17 02:42:41 | 
2023-03-17 02:42:51 | Epoch 5/20 - client 4 -  Training Loss: 7.173
2023-03-17 02:43:00 | Epoch 5/20 - client 1 -  Training Loss: 7.478
2023-03-17 02:43:10 | Epoch 5/20 - client 5 -  Training Loss: 6.946
2023-03-17 02:43:19 | Epoch 5/20 - client 2 -  Training Loss: 7.230
2023-03-17 02:43:28 | Epoch 5/20 - client 3 -  Training Loss: 7.153
2023-03-17 02:43:37 | Epoch 5/20 - client 7 -  Training Loss: 7.471
2023-03-17 02:43:47 | Epoch 5/20 - client 6 -  Training Loss: 7.288
2023-03-17 02:43:56 | Epoch 5/20 - client 0 -  Training Loss: 7.033
2023-03-17 02:44:02 | Epoch5 Valid:
2023-03-17 02:44:02 | MRR-A: 0.06190446474473725
2023-03-17 02:44:02 | HR-A @1|5|10: 0.032553025454034795	0.08116678527123486	0.11157687781756213	
2023-03-17 02:44:02 | NDCG-A @5|10: 0.058083209377747344	0.06792420850186288	
2023-03-17 02:44:02 | MRR-B: 0.03017793806317473
2023-03-17 02:44:02 | HR-B @1|5|10: 0.00986464331269459	0.03720869653260945	0.05999964543422958	
2023-03-17 02:44:02 | NDCG-B @5|10: 0.023945062898749085	0.031318395091925785	
2023-03-17 02:44:02 | 
2023-03-17 02:44:12 | Epoch 6/20 - client 6 -  Training Loss: 6.988
2023-03-17 02:44:21 | Epoch 6/20 - client 1 -  Training Loss: 7.054
2023-03-17 02:44:30 | Epoch 6/20 - client 4 -  Training Loss: 6.775
2023-03-17 02:44:39 | Epoch 6/20 - client 7 -  Training Loss: 7.026
2023-03-17 02:44:49 | Epoch 6/20 - client 2 -  Training Loss: 6.857
2023-03-17 02:44:58 | Epoch 6/20 - client 3 -  Training Loss: 6.760
2023-03-17 02:45:07 | Epoch 6/20 - client 5 -  Training Loss: 6.588
2023-03-17 02:45:17 | Epoch 6/20 - client 0 -  Training Loss: 6.672
2023-03-17 02:45:24 | Epoch6 Valid:
2023-03-17 02:45:24 | MRR-A: 0.06340264505590801
2023-03-17 02:45:24 | HR-A @1|5|10: 0.035458387246459555	0.08034910174968408	0.1156479743129299	
2023-03-17 02:45:24 | NDCG-A @5|10: 0.058590172387981636	0.0699738596282077	
2023-03-17 02:45:24 | MRR-B: 0.03311442498401772
2023-03-17 02:45:24 | HR-B @1|5|10: 0.01455896364884016	0.039545379129878794	0.06345392142945301	
2023-03-17 02:45:24 | NDCG-B @5|10: 0.027035825313764413	0.03466526406334038	
2023-03-17 02:45:24 | 
2023-03-17 02:45:31 | Test:
2023-03-17 02:45:31 | MRR-B: 0.033243525008207306
2023-03-17 02:45:31 | HR-B @1|5|10: 0.012416877379952083	0.04196240147731042	0.06619812469428504	
2023-03-17 02:45:31 | NDCG-B @5|10: 0.027235447084658037	0.034901827579766245	
2023-03-17 02:45:31 | 
2023-03-17 02:45:41 | Epoch 7/20 - client 4 -  Training Loss: 6.471
2023-03-17 02:45:51 | Epoch 7/20 - client 2 -  Training Loss: 6.486
2023-03-17 02:46:00 | Epoch 7/20 - client 1 -  Training Loss: 6.664
2023-03-17 02:46:10 | Epoch 7/20 - client 7 -  Training Loss: 6.630
2023-03-17 02:46:19 | Epoch 7/20 - client 0 -  Training Loss: 6.334
2023-03-17 02:46:29 | Epoch 7/20 - client 5 -  Training Loss: 6.263
2023-03-17 02:46:38 | Epoch 7/20 - client 3 -  Training Loss: 6.411
2023-03-17 02:46:48 | Epoch 7/20 - client 6 -  Training Loss: 6.558
2023-03-17 02:46:54 | Epoch7 Valid:
2023-03-17 02:46:54 | MRR-A: 0.06372619902014202
2023-03-17 02:46:54 | HR-A @1|5|10: 0.03438636034289294	0.08360463282284267	0.11547091649420284	
2023-03-17 02:46:54 | NDCG-A @5|10: 0.05971261864111707	0.0700925872747967	
2023-03-17 02:46:54 | MRR-B: 0.03175149605849162
2023-03-17 02:46:54 | HR-B @1|5|10: 0.012093962649826798	0.0418290857411571	0.06162546434525432	
2023-03-17 02:46:54 | NDCG-B @5|10: 0.02682516211865261	0.033182652032656475	
2023-03-17 02:46:54 | 
2023-03-17 02:47:04 | Epoch 8/20 - client 5 -  Training Loss: 5.992
2023-03-17 02:47:13 | Epoch 8/20 - client 2 -  Training Loss: 6.168
2023-03-17 02:47:23 | Epoch 8/20 - client 7 -  Training Loss: 6.291
2023-03-17 02:47:32 | Epoch 8/20 - client 0 -  Training Loss: 5.984
2023-03-17 02:47:40 | Epoch 8/20 - client 1 -  Training Loss: 6.324
2023-03-17 02:47:50 | Epoch 8/20 - client 6 -  Training Loss: 6.285
2023-03-17 02:47:59 | Epoch 8/20 - client 3 -  Training Loss: 6.083
2023-03-17 02:48:08 | Epoch 8/20 - client 4 -  Training Loss: 6.131
2023-03-17 02:48:15 | Epoch8 Valid:
2023-03-17 02:48:15 | MRR-A: 0.06908770655574015
2023-03-17 02:48:15 | HR-A @1|5|10: 0.03867758740354476	0.09167997912578431	0.11835384031000809	
2023-03-17 02:48:15 | NDCG-A @5|10: 0.06643395524862422	0.07515466558241253	
2023-03-17 02:48:15 | MRR-B: 0.031271017169646115
2023-03-17 02:48:15 | HR-B @1|5|10: 0.012698679137444503	0.04047238065437292	0.060230118497529746	
2023-03-17 02:48:15 | NDCG-B @5|10: 0.026091735941740135	0.032465431935574045	
2023-03-17 02:48:15 | 
2023-03-17 02:48:22 | Test:
2023-03-17 02:48:22 | MRR-A: 0.06321178098240311
2023-03-17 02:48:22 | HR-A @1|5|10: 0.03552811267218319	0.08107341609975495	0.11108247477668025	
2023-03-17 02:48:22 | NDCG-A @5|10: 0.059455403008907	0.06905129139136434	
2023-03-17 02:48:31 | Epoch 9/20 - client 6 -  Training Loss: 5.970
2023-03-17 02:48:40 | Epoch 9/20 - client 0 -  Training Loss: 5.696
2023-03-17 02:48:49 | Epoch 9/20 - client 3 -  Training Loss: 5.776
2023-03-17 02:48:58 | Epoch 9/20 - client 5 -  Training Loss: 5.657
2023-03-17 02:49:07 | Epoch 9/20 - client 4 -  Training Loss: 5.852
2023-03-17 02:49:17 | Epoch 9/20 - client 2 -  Training Loss: 5.857
2023-03-17 02:49:26 | Epoch 9/20 - client 7 -  Training Loss: 5.957
2023-03-17 02:49:35 | Epoch 9/20 - client 1 -  Training Loss: 6.041
2023-03-17 02:49:41 | Epoch9 Valid:
2023-03-17 02:49:41 | MRR-A: 0.06970498102399869
2023-03-17 02:49:41 | HR-A @1|5|10: 0.04048602107192994	0.09354058091307317	0.12256242733576751	
2023-03-17 02:49:41 | NDCG-A @5|10: 0.06718595837396728	0.0765777554419907	
2023-03-17 02:49:41 | MRR-B: 0.033566344440010505
2023-03-17 02:49:41 | HR-B @1|5|10: 0.012904525283398572	0.04591987053571242	0.06733541017531292	
2023-03-17 02:49:41 | NDCG-B @5|10: 0.029147879333054693	0.03606087970642161	
2023-03-17 02:49:41 | 
2023-03-17 02:49:48 | Test:
2023-03-17 02:49:48 | MRR-A: 0.06615533636857085
2023-03-17 02:49:48 | HR-A @1|5|10: 0.041655754783616605	0.08265595489245763	0.10371706200827198	
2023-03-17 02:49:48 | NDCG-A @5|10: 0.06269646059879834	0.06940594889821511	
2023-03-17 02:49:48 | MRR-B: 0.03566387877571095
2023-03-17 02:49:48 | HR-B @1|5|10: 0.016383678304397714	0.042722208347748175	0.0671210481453673	
2023-03-17 02:49:48 | NDCG-B @5|10: 0.029263893352487382	0.03710017220802455	
2023-03-17 02:49:48 | 
2023-03-17 02:49:57 | Epoch 10/20 - client 6 -  Training Loss: 5.637
2023-03-17 02:50:07 | Epoch 10/20 - client 7 -  Training Loss: 5.729
2023-03-17 02:50:16 | Epoch 10/20 - client 0 -  Training Loss: 5.397
2023-03-17 02:50:25 | Epoch 10/20 - client 3 -  Training Loss: 5.483
2023-03-17 02:50:34 | Epoch 10/20 - client 1 -  Training Loss: 5.791
2023-03-17 02:50:43 | Epoch 10/20 - client 4 -  Training Loss: 5.568
2023-03-17 02:50:53 | Epoch 10/20 - client 2 -  Training Loss: 5.594
2023-03-17 02:51:03 | Epoch 10/20 - client 5 -  Training Loss: 5.396
2023-03-17 02:51:09 | Epoch10 Valid:
2023-03-17 02:51:09 | MRR-A: 0.065943979591287
2023-03-17 02:51:09 | HR-A @1|5|10: 0.03573028633395967	0.0877489973861979	0.11694146911280952	
2023-03-17 02:51:09 | NDCG-A @5|10: 0.06305885297821048	0.07241413423321974	
2023-03-17 02:51:09 | MRR-B: 0.033885161279917926
2023-03-17 02:51:09 | HR-B @1|5|10: 0.014274085230999035	0.044232684370031014	0.062235936128949294	
2023-03-17 02:51:09 | NDCG-B @5|10: 0.02939836048563997	0.035227865343227	
2023-03-17 02:51:09 | 
2023-03-17 02:51:16 | Test:
2023-03-17 02:51:16 | MRR-B: 0.036332456150736964
2023-03-17 02:51:16 | HR-B @1|5|10: 0.01718750256742822	0.044639763510548804	0.06889467910637317	
2023-03-17 02:51:16 | NDCG-B @5|10: 0.030704558152241084	0.038420970840754076	
2023-03-17 02:51:16 | 
2023-03-17 02:51:25 | Epoch 11/20 - client 3 -  Training Loss: 5.271
2023-03-17 02:51:34 | Epoch 11/20 - client 6 -  Training Loss: 5.360
2023-03-17 02:51:44 | Epoch 11/20 - client 5 -  Training Loss: 5.215
2023-03-17 02:51:53 | Epoch 11/20 - client 1 -  Training Loss: 5.445
2023-03-17 02:52:02 | Epoch 11/20 - client 0 -  Training Loss: 5.178
2023-03-17 02:52:11 | Epoch 11/20 - client 2 -  Training Loss: 5.309
2023-03-17 02:52:21 | Epoch 11/20 - client 4 -  Training Loss: 5.294
2023-03-17 02:52:30 | Epoch 11/20 - client 7 -  Training Loss: 5.408
2023-03-17 02:52:37 | Epoch11 Valid:
2023-03-17 02:52:37 | MRR-A: 0.06810823213121078
2023-03-17 02:52:37 | HR-A @1|5|10: 0.03988298219426549	0.08555104245642575	0.11683614777528031	
2023-03-17 02:52:37 | NDCG-A @5|10: 0.06379709903425299	0.07378180418274409	
2023-03-17 02:52:37 | MRR-B: 0.03341889721591079
2023-03-17 02:52:37 | HR-B @1|5|10: 0.014189339425921632	0.04409253229887279	0.06073119386679012	
2023-03-17 02:52:37 | NDCG-B @5|10: 0.02902099361186884	0.034375440245272	
2023-03-17 02:52:37 | 
2023-03-17 02:52:46 | Epoch 12/20 - client 1 -  Training Loss: 5.254
2023-03-17 02:52:55 | Epoch 12/20 - client 2 -  Training Loss: 5.101
2023-03-17 02:53:04 | Epoch 12/20 - client 4 -  Training Loss: 5.048
2023-03-17 02:53:14 | Epoch 12/20 - client 5 -  Training Loss: 4.920
2023-03-17 02:53:23 | Epoch 12/20 - client 3 -  Training Loss: 4.990
2023-03-17 02:53:32 | Epoch 12/20 - client 6 -  Training Loss: 5.149
2023-03-17 02:53:41 | Epoch 12/20 - client 0 -  Training Loss: 4.939
2023-03-17 02:53:50 | Epoch 12/20 - client 7 -  Training Loss: 5.229
2023-03-17 02:53:57 | Epoch12 Valid:
2023-03-17 02:53:57 | MRR-A: 0.06910946986495793
2023-03-17 02:53:57 | HR-A @1|5|10: 0.04196759149521175	0.08441309199554257	0.11431409576605507	
2023-03-17 02:53:57 | NDCG-A @5|10: 0.06438215166172351	0.07409362491340905	
2023-03-17 02:53:57 | MRR-B: 0.03356182460929842
2023-03-17 02:53:57 | HR-B @1|5|10: 0.013617407045772188	0.042880902642762786	0.06440492300631251	
2023-03-17 02:53:57 | NDCG-B @5|10: 0.02843177423182745	0.03535236560198144	
2023-03-17 02:53:57 | 
2023-03-17 02:54:07 | Epoch 13/20 - client 6 -  Training Loss: 4.969
2023-03-17 02:54:16 | Epoch 13/20 - client 5 -  Training Loss: 4.718
2023-03-17 02:54:25 | Epoch 13/20 - client 7 -  Training Loss: 4.967
2023-03-17 02:54:35 | Epoch 13/20 - client 1 -  Training Loss: 4.995
2023-03-17 02:54:45 | Epoch 13/20 - client 0 -  Training Loss: 4.743
2023-03-17 02:54:55 | Epoch 13/20 - client 3 -  Training Loss: 4.809
2023-03-17 02:55:04 | Epoch 13/20 - client 2 -  Training Loss: 4.841
2023-03-17 02:55:14 | Epoch 13/20 - client 4 -  Training Loss: 4.857
2023-03-17 02:55:20 | Epoch13 Valid:
2023-03-17 02:55:20 | MRR-A: 0.07160315823796388
2023-03-17 02:55:20 | HR-A @1|5|10: 0.04557256388829219	0.08805506681073004	0.11603012016800575	
2023-03-17 02:55:20 | NDCG-A @5|10: 0.06745052617666054	0.07659796211406514	
2023-03-17 02:55:20 | MRR-B: 0.03662973019623106
2023-03-17 02:55:20 | HR-B @1|5|10: 0.017934039055067644	0.04283731933806777	0.06619486511013697	
2023-03-17 02:55:20 | NDCG-B @5|10: 0.030596448741304932	0.03813861719027151	
2023-03-17 02:55:20 | 
2023-03-17 02:55:27 | Test:
2023-03-17 02:55:27 | MRR-A: 0.068930033114156
2023-03-17 02:55:27 | HR-A @1|5|10: 0.04301147139421946	0.08664748687235534	0.10725655387285862	
2023-03-17 02:55:27 | NDCG-A @5|10: 0.06572457625699488	0.07239833236551525	
2023-03-17 02:55:27 | MRR-B: 0.03632324962400725
2023-03-17 02:55:27 | HR-B @1|5|10: 0.016247560888868532	0.04640058282336617	0.06719545253754251	
2023-03-17 02:55:27 | NDCG-B @5|10: 0.03144979644935141	0.03821630452926338	
2023-03-17 02:55:27 | 
2023-03-17 02:55:37 | Epoch 14/20 - client 1 -  Training Loss: 4.778
2023-03-17 02:55:47 | Epoch 14/20 - client 7 -  Training Loss: 4.732
2023-03-17 02:55:56 | Epoch 14/20 - client 5 -  Training Loss: 4.521
2023-03-17 02:56:06 | Epoch 14/20 - client 3 -  Training Loss: 4.608
2023-03-17 02:56:15 | Epoch 14/20 - client 4 -  Training Loss: 4.687
2023-03-17 02:56:24 | Epoch 14/20 - client 0 -  Training Loss: 4.526
2023-03-17 02:56:33 | Epoch 14/20 - client 2 -  Training Loss: 4.657
2023-03-17 02:56:43 | Epoch 14/20 - client 6 -  Training Loss: 4.698
2023-03-17 02:56:49 | Epoch14 Valid:
2023-03-17 02:56:49 | MRR-A: 0.07628265922508418
2023-03-17 02:56:49 | HR-A @1|5|10: 0.04868646727493098	0.09614443598410857	0.127860739364102	
2023-03-17 02:56:49 | NDCG-A @5|10: 0.07275155584681971	0.0829181372533433	
2023-03-17 02:56:49 | MRR-B: 0.03385408830157588
2023-03-17 02:56:49 | HR-B @1|5|10: 0.013685239393728843	0.04465748773690112	0.06585413032765654	
2023-03-17 02:56:49 | NDCG-B @5|10: 0.02917960022154701	0.035941932717743624	
2023-03-17 02:56:49 | 
2023-03-17 02:56:56 | Test:
2023-03-17 02:56:56 | MRR-A: 0.06874559625978129
2023-03-17 02:56:56 | HR-A @1|5|10: 0.042398611099323705	0.090546403856069	0.11610352954937721	
2023-03-17 02:56:56 | NDCG-A @5|10: 0.06658454558789116	0.07472450909105546	
2023-03-17 02:57:05 | Epoch 15/20 - client 0 -  Training Loss: 4.386
2023-03-17 02:57:14 | Epoch 15/20 - client 4 -  Training Loss: 4.438
2023-03-17 02:57:24 | Epoch 15/20 - client 7 -  Training Loss: 4.510
2023-03-17 02:57:33 | Epoch 15/20 - client 6 -  Training Loss: 4.545
2023-03-17 02:57:42 | Epoch 15/20 - client 1 -  Training Loss: 4.589
2023-03-17 02:57:51 | Epoch 15/20 - client 2 -  Training Loss: 4.472
2023-03-17 02:58:01 | Epoch 15/20 - client 3 -  Training Loss: 4.377
2023-03-17 02:58:10 | Epoch 15/20 - client 5 -  Training Loss: 4.334
2023-03-17 02:58:18 | Epoch15 Valid:
2023-03-17 02:58:18 | MRR-A: 0.07040039066106935
2023-03-17 02:58:18 | HR-A @1|5|10: 0.042713659149339604	0.08720007386535804	0.12020377691747244	
2023-03-17 02:58:18 | NDCG-A @5|10: 0.06593453282489932	0.07660813834952554	
2023-03-17 02:58:18 | MRR-B: 0.03432982433147509
2023-03-17 02:58:18 | HR-B @1|5|10: 0.015108212275074324	0.04144792185666999	0.0668972518380745	
2023-03-17 02:58:18 | NDCG-B @5|10: 0.028339930940730722	0.036549514010847786	
2023-03-17 02:58:18 | 
2023-03-17 02:58:27 | Epoch 16/20 - client 5 -  Training Loss: 4.092
2023-03-17 02:58:36 | Epoch 16/20 - client 1 -  Training Loss: 4.395
2023-03-17 02:58:46 | Epoch 16/20 - client 6 -  Training Loss: 4.342
2023-03-17 02:58:55 | Epoch 16/20 - client 3 -  Training Loss: 4.224
2023-03-17 02:59:05 | Epoch 16/20 - client 4 -  Training Loss: 4.267
2023-03-17 02:59:14 | Epoch 16/20 - client 7 -  Training Loss: 4.301
2023-03-17 02:59:23 | Epoch 16/20 - client 2 -  Training Loss: 4.288
2023-03-17 02:59:32 | Epoch 16/20 - client 0 -  Training Loss: 4.179
2023-03-17 02:59:39 | Epoch16 Valid:
2023-03-17 02:59:39 | MRR-A: 0.0735370866954603
2023-03-17 02:59:39 | HR-A @1|5|10: 0.04492057232713732	0.09248605348245026	0.12275750748232302	
2023-03-17 02:59:39 | NDCG-A @5|10: 0.06987612820144694	0.07976804631459448	
2023-03-17 02:59:39 | MRR-B: 0.03411605925712076
2023-03-17 02:59:39 | HR-B @1|5|10: 0.014354133750410605	0.04436617125147404	0.06175349206129613	
2023-03-17 02:59:39 | NDCG-B @5|10: 0.02958037085469807	0.03511299580016808	
2023-03-17 02:59:39 | 
2023-03-17 02:59:48 | Epoch 17/20 - client 2 -  Training Loss: 4.218
2023-03-17 02:59:58 | Epoch 17/20 - client 1 -  Training Loss: 4.242
2023-03-17 03:00:07 | Epoch 17/20 - client 3 -  Training Loss: 4.051
2023-03-17 03:00:17 | Epoch 17/20 - client 5 -  Training Loss: 4.028
2023-03-17 03:00:26 | Epoch 17/20 - client 4 -  Training Loss: 4.097
2023-03-17 03:00:35 | Epoch 17/20 - client 6 -  Training Loss: 4.170
2023-03-17 03:00:44 | Epoch 17/20 - client 0 -  Training Loss: 4.076
2023-03-17 03:00:54 | Epoch 17/20 - client 7 -  Training Loss: 4.143
2023-03-17 03:01:00 | Epoch17 Valid:
2023-03-17 03:01:00 | MRR-A: 0.0696976669054462
2023-03-17 03:01:00 | HR-A @1|5|10: 0.04160529065730092	0.09187712570726893	0.11651066560698549	
2023-03-17 03:01:00 | NDCG-A @5|10: 0.06763997500319688	0.07531733262719409	
2023-03-17 03:01:00 | MRR-B: 0.03478851363258985
2023-03-17 03:01:00 | HR-B @1|5|10: 0.015102711114085218	0.04428898558688499	0.06437692225087191	
2023-03-17 03:01:00 | NDCG-B @5|10: 0.03010106449173331	0.03652721872423176	
2023-03-17 03:01:00 | 
2023-03-17 03:01:09 | Epoch 18/20 - client 7 -  Training Loss: 3.911
2023-03-17 03:01:19 | Epoch 18/20 - client 5 -  Training Loss: 3.855
2023-03-17 03:01:28 | Epoch 18/20 - client 6 -  Training Loss: 3.994
2023-03-17 03:01:37 | Epoch 18/20 - client 4 -  Training Loss: 3.956
2023-03-17 03:01:46 | Epoch 18/20 - client 2 -  Training Loss: 3.960
2023-03-17 03:01:55 | Epoch 18/20 - client 3 -  Training Loss: 3.923
2023-03-17 03:02:05 | Epoch 18/20 - client 0 -  Training Loss: 3.893
2023-03-17 03:02:14 | Epoch 18/20 - client 1 -  Training Loss: 4.094
2023-03-17 03:02:20 | Epoch18 Valid:
2023-03-17 03:02:20 | MRR-A: 0.07269339126789416
2023-03-17 03:02:20 | HR-A @1|5|10: 0.041340576546704914	0.09906380683344963	0.1293143843493565	
2023-03-17 03:02:20 | NDCG-A @5|10: 0.0708007935572959	0.08061834372985174	
2023-03-17 03:02:20 | MRR-B: 0.030681785388273503
2023-03-17 03:02:20 | HR-B @1|5|10: 0.012243316896622534	0.038475526095160695	0.059671302992458666	
2023-03-17 03:02:20 | NDCG-B @5|10: 0.025306486849972644	0.032132301999341	
2023-03-17 03:02:20 | 
2023-03-17 03:02:29 | Epoch 19/20 - client 7 -  Training Loss: 3.865
2023-03-17 03:02:38 | Epoch 19/20 - client 4 -  Training Loss: 3.796
2023-03-17 03:02:48 | Epoch 19/20 - client 5 -  Training Loss: 3.714
2023-03-17 03:02:57 | Epoch 19/20 - client 3 -  Training Loss: 3.762
2023-03-17 03:03:06 | Epoch 19/20 - client 0 -  Training Loss: 3.741
2023-03-17 03:03:16 | Epoch 19/20 - client 6 -  Training Loss: 3.858
2023-03-17 03:03:26 | Epoch 19/20 - client 1 -  Training Loss: 3.949
2023-03-17 03:03:35 | Epoch 19/20 - client 2 -  Training Loss: 3.849
2023-03-17 03:03:42 | Epoch19 Valid:
2023-03-17 03:03:42 | MRR-A: 0.07280459240963136
2023-03-17 03:03:42 | HR-A @1|5|10: 0.043348293975376415	0.09554991688097325	0.12037557811908227	
2023-03-17 03:03:42 | NDCG-A @5|10: 0.07065569227119552	0.07861631214791519	
2023-03-17 03:03:42 | MRR-B: 0.03410112987964877
2023-03-17 03:03:42 | HR-B @1|5|10: 0.014289388390354877	0.04570372983858184	0.06903836648552777	
2023-03-17 03:03:42 | NDCG-B @5|10: 0.02961320869838144	0.03717497487564557	
2023-03-17 03:03:42 | 
2023-03-17 03:03:51 | Epoch 20/20 - client 7 -  Training Loss: 3.734
2023-03-17 03:04:00 | Epoch 20/20 - client 5 -  Training Loss: 3.600
2023-03-17 03:04:10 | Epoch 20/20 - client 0 -  Training Loss: 3.614
2023-03-17 03:04:19 | Epoch 20/20 - client 6 -  Training Loss: 3.742
2023-03-17 03:04:28 | Epoch 20/20 - client 4 -  Training Loss: 3.654
2023-03-17 03:04:37 | Epoch 20/20 - client 1 -  Training Loss: 3.765
2023-03-17 03:04:47 | Epoch 20/20 - client 3 -  Training Loss: 3.623
2023-03-17 03:04:56 | Epoch 20/20 - client 2 -  Training Loss: 3.723
2023-03-17 03:05:03 | Epoch20 Valid:
2023-03-17 03:05:03 | MRR-A: 0.07868688749506993
2023-03-17 03:05:03 | HR-A @1|5|10: 0.05100050245643626	0.09505426140103686	0.12439282082920276	
2023-03-17 03:05:03 | NDCG-A @5|10: 0.07433214052096794	0.08376289667210492	
2023-03-17 03:05:03 | MRR-B: 0.03398536063148857
2023-03-17 03:05:03 | HR-B @1|5|10: 0.015928247657151447	0.04215735266995976	0.06346155070944495	
2023-03-17 03:05:03 | NDCG-B @5|10: 0.028865764266452286	0.03576912591018284	
2023-03-17 03:05:03 | 
2023-03-17 03:05:09 | Test:
2023-03-17 03:05:09 | MRR-A: 0.0697625406863597
2023-03-17 03:05:09 | HR-A @1|5|10: 0.04269436077631999	0.09179444964757465	0.11307898272336983	
2023-03-17 03:05:09 | NDCG-A @5|10: 0.06798328201834078	0.07470773772372577	
