2023-03-17 07:11:30 | Epoch 1/20 - client 0 -  Training Loss: 11.936
2023-03-17 07:11:52 | Epoch 1/20 - client 5 -  Training Loss: 11.916
2023-03-17 07:12:14 | Epoch 1/20 - client 3 -  Training Loss: 11.858
2023-03-17 07:12:37 | Epoch 1/20 - client 4 -  Training Loss: 11.627
2023-03-17 07:12:59 | Epoch 1/20 - client 2 -  Training Loss: 11.443
2023-03-17 07:13:20 | Epoch 1/20 - client 6 -  Training Loss: 11.149
2023-03-17 07:13:42 | Epoch 1/20 - client 1 -  Training Loss: 10.952
2023-03-17 07:14:04 | Epoch 1/20 - client 7 -  Training Loss: 10.687
2023-03-17 07:14:12 | Epoch1 Valid:
2023-03-17 07:14:12 | MRR-A: 0.030701388448428357
2023-03-17 07:14:12 | HR-A @1|5|10: 0.007839664509718255	0.03488964429609495	0.06806558980683186	
2023-03-17 07:14:12 | NDCG-A @5|10: 0.020712308684911033	0.031152590554888226	
2023-03-17 07:14:12 | MRR-B: 0.01652910770564541
2023-03-17 07:14:12 | HR-B @1|5|10: 0.006943712714447171	0.015982331323295917	0.02454727601640346	
2023-03-17 07:14:12 | NDCG-B @5|10: 0.01164506181343816	0.014389442525445906	
2023-03-17 07:14:12 | 
2023-03-17 07:14:21 | Test:
2023-03-17 07:14:21 | MRR-A: 0.03036897810734417
2023-03-17 07:14:21 | HR-A @1|5|10: 0.00596160349577043	0.035985984125590655	0.07859298998951028	
2023-03-17 07:14:21 | NDCG-A @5|10: 0.020023022287927305	0.033520067833180164	
2023-03-17 07:14:21 | MRR-B: 0.016639620640297045
2023-03-17 07:14:21 | HR-B @1|5|10: 0.006673761344610874	0.017390679778918092	0.027476964166634494	
2023-03-17 07:14:21 | NDCG-B @5|10: 0.012197859627053071	0.015359012696292284	
2023-03-17 07:14:21 | 
2023-03-17 07:14:43 | Epoch 2/20 - client 4 -  Training Loss: 10.072
2023-03-17 07:15:05 | Epoch 2/20 - client 5 -  Training Loss: 9.917
2023-03-17 07:15:26 | Epoch 2/20 - client 3 -  Training Loss: 10.082
2023-03-17 07:15:48 | Epoch 2/20 - client 1 -  Training Loss: 10.610
2023-03-17 07:16:10 | Epoch 2/20 - client 0 -  Training Loss: 9.840
2023-03-17 07:16:31 | Epoch 2/20 - client 6 -  Training Loss: 10.388
2023-03-17 07:16:53 | Epoch 2/20 - client 7 -  Training Loss: 10.873
2023-03-17 07:17:15 | Epoch 2/20 - client 2 -  Training Loss: 10.265
2023-03-17 07:17:22 | Epoch2 Valid:
2023-03-17 07:17:22 | MRR-A: 0.030190135210507674
2023-03-17 07:17:22 | HR-A @1|5|10: 0.00718466947630241	0.03353209801873926	0.06384277357823273	
2023-03-17 07:17:22 | NDCG-A @5|10: 0.019786382265967028	0.029526537001697647	
2023-03-17 07:17:22 | MRR-B: 0.01585282182382937
2023-03-17 07:17:22 | HR-B @1|5|10: 0.005048495918071417	0.01821785484605125	0.027489899807778606	
2023-03-17 07:17:22 | NDCG-B @5|10: 0.011508454569717877	0.014514967846531907	
2023-03-17 07:17:22 | 
2023-03-17 07:17:44 | Epoch 3/20 - client 6 -  Training Loss: 9.742
2023-03-17 07:18:06 | Epoch 3/20 - client 2 -  Training Loss: 9.679
2023-03-17 07:18:28 | Epoch 3/20 - client 5 -  Training Loss: 9.328
2023-03-17 07:18:50 | Epoch 3/20 - client 7 -  Training Loss: 10.160
2023-03-17 07:19:11 | Epoch 3/20 - client 4 -  Training Loss: 9.528
2023-03-17 07:19:32 | Epoch 3/20 - client 3 -  Training Loss: 9.469
2023-03-17 07:19:54 | Epoch 3/20 - client 1 -  Training Loss: 10.012
2023-03-17 07:20:16 | Epoch 3/20 - client 0 -  Training Loss: 9.261
2023-03-17 07:20:24 | Epoch3 Valid:
2023-03-17 07:20:24 | MRR-A: 0.0358796905710032
2023-03-17 07:20:24 | HR-A @1|5|10: 0.01038363117375935	0.03969371291279984	0.07129244124910719	
2023-03-17 07:20:24 | NDCG-A @5|10: 0.025721728741187513	0.036075318065334976	
2023-03-17 07:20:24 | MRR-B: 0.01629003750294362
2023-03-17 07:20:24 | HR-B @1|5|10: 0.005968799541515207	0.01660203675840768	0.02608445102134152	
2023-03-17 07:20:24 | NDCG-B @5|10: 0.011586051353436785	0.014622630859124136	
2023-03-17 07:20:24 | 
2023-03-17 07:20:32 | Test:
2023-03-17 07:20:32 | MRR-A: 0.035146440123509676
2023-03-17 07:20:32 | HR-A @1|5|10: 0.012271698984718273	0.03713777177245624	0.06305386676117361	
2023-03-17 07:20:32 | NDCG-A @5|10: 0.024905079386245137	0.0332186808230938	
2023-03-17 07:20:53 | Epoch 4/20 - client 3 -  Training Loss: 8.884
2023-03-17 07:21:15 | Epoch 4/20 - client 4 -  Training Loss: 8.933
2023-03-17 07:21:37 | Epoch 4/20 - client 2 -  Training Loss: 9.067
2023-03-17 07:21:59 | Epoch 4/20 - client 5 -  Training Loss: 8.778
2023-03-17 07:22:21 | Epoch 4/20 - client 6 -  Training Loss: 9.176
2023-03-17 07:22:43 | Epoch 4/20 - client 1 -  Training Loss: 9.404
2023-03-17 07:23:05 | Epoch 4/20 - client 0 -  Training Loss: 8.718
2023-03-17 07:23:27 | Epoch 4/20 - client 7 -  Training Loss: 9.567
2023-03-17 07:23:35 | Epoch4 Valid:
2023-03-17 07:23:35 | MRR-A: 0.029102367161291685
2023-03-17 07:23:35 | HR-A @1|5|10: 0.006463347126878775	0.029870106004468256	0.058594710246069104	
2023-03-17 07:23:35 | NDCG-A @5|10: 0.01820072288317939	0.027627515547934488	
2023-03-17 07:23:35 | MRR-B: 0.01688652412223636
2023-03-17 07:23:35 | HR-B @1|5|10: 0.006557727281709425	0.018620847257606998	0.02956579517815371	
2023-03-17 07:23:35 | NDCG-B @5|10: 0.012423303505509582	0.01595731909234525	
2023-03-17 07:23:35 | 
2023-03-17 07:23:43 | Test:
2023-03-17 07:23:43 | MRR-B: 0.01426617704532428
2023-03-17 07:23:43 | HR-B @1|5|10: 0.004855425730874517	0.014343627929241168	0.024553721955211643	
2023-03-17 07:23:43 | NDCG-B @5|10: 0.009487350102645769	0.012825903157802913	
2023-03-17 07:23:43 | 
2023-03-17 07:24:04 | Epoch 5/20 - client 4 -  Training Loss: 8.372
2023-03-17 07:24:25 | Epoch 5/20 - client 1 -  Training Loss: 8.758
2023-03-17 07:24:47 | Epoch 5/20 - client 5 -  Training Loss: 8.217
2023-03-17 07:25:08 | Epoch 5/20 - client 2 -  Training Loss: 8.470
2023-03-17 07:25:30 | Epoch 5/20 - client 3 -  Training Loss: 8.337
2023-03-17 07:25:51 | Epoch 5/20 - client 7 -  Training Loss: 8.990
2023-03-17 07:26:13 | Epoch 5/20 - client 6 -  Training Loss: 8.599
2023-03-17 07:26:35 | Epoch 5/20 - client 0 -  Training Loss: 8.157
2023-03-17 07:26:43 | Epoch5 Valid:
2023-03-17 07:26:43 | MRR-A: 0.033099795836404634
2023-03-17 07:26:43 | HR-A @1|5|10: 0.01007298848946522	0.03992213106826258	0.06248610801027192	
2023-03-17 07:26:43 | NDCG-A @5|10: 0.025156937506433066	0.0324393354827836	
2023-03-17 07:26:43 | MRR-B: 0.017234636314964937
2023-03-17 07:26:43 | HR-B @1|5|10: 0.007593575670419751	0.01586132494728022	0.02771618330797349	
2023-03-17 07:26:43 | NDCG-B @5|10: 0.011859400303849044	0.015592107979151684	
2023-03-17 07:26:43 | 
2023-03-17 07:26:51 | Test:
2023-03-17 07:26:51 | MRR-B: 0.014685085758755722
2023-03-17 07:26:51 | HR-B @1|5|10: 0.0056547743348871245	0.014543275457674205	0.024465164553375426	
2023-03-17 07:26:51 | NDCG-B @5|10: 0.00992790465372455	0.013085505344173024	
2023-03-17 07:26:51 | 
2023-03-17 07:27:12 | Epoch 6/20 - client 6 -  Training Loss: 8.063
2023-03-17 07:27:34 | Epoch 6/20 - client 1 -  Training Loss: 8.200
2023-03-17 07:27:55 | Epoch 6/20 - client 4 -  Training Loss: 7.829
2023-03-17 07:28:16 | Epoch 6/20 - client 7 -  Training Loss: 8.379
2023-03-17 07:28:37 | Epoch 6/20 - client 2 -  Training Loss: 7.954
2023-03-17 07:28:59 | Epoch 6/20 - client 3 -  Training Loss: 7.794
2023-03-17 07:29:20 | Epoch 6/20 - client 5 -  Training Loss: 7.720
2023-03-17 07:29:41 | Epoch 6/20 - client 0 -  Training Loss: 7.667
2023-03-17 07:29:50 | Epoch6 Valid:
2023-03-17 07:29:50 | MRR-A: 0.03358401447238894
2023-03-17 07:29:50 | HR-A @1|5|10: 0.011438920193578324	0.036455093779095483	0.061559723793167306	
2023-03-17 07:29:50 | NDCG-A @5|10: 0.024205191947369115	0.03244314142467175	
2023-03-17 07:29:50 | MRR-B: 0.018213918687183226
2023-03-17 07:29:50 | HR-B @1|5|10: 0.007537026595468439	0.020010752102643227	0.028590037066672545	
2023-03-17 07:29:50 | NDCG-B @5|10: 0.01399389930577747	0.01681641903688243	
2023-03-17 07:29:50 | 
2023-03-17 07:29:58 | Test:
2023-03-17 07:29:58 | MRR-B: 0.01557970308096653
2023-03-17 07:29:58 | HR-B @1|5|10: 0.006226490654392051	0.017195353585000954	0.02661717216296851	
2023-03-17 07:29:58 | NDCG-B @5|10: 0.011452503506548707	0.0145244217739989	
2023-03-17 07:29:58 | 
2023-03-17 07:30:19 | Epoch 7/20 - client 4 -  Training Loss: 7.345
2023-03-17 07:30:41 | Epoch 7/20 - client 2 -  Training Loss: 7.427
2023-03-17 07:31:02 | Epoch 7/20 - client 1 -  Training Loss: 7.672
2023-03-17 07:31:22 | Epoch 7/20 - client 7 -  Training Loss: 7.853
2023-03-17 07:31:44 | Epoch 7/20 - client 0 -  Training Loss: 7.156
2023-03-17 07:32:05 | Epoch 7/20 - client 5 -  Training Loss: 7.230
2023-03-17 07:32:26 | Epoch 7/20 - client 3 -  Training Loss: 7.299
2023-03-17 07:32:48 | Epoch 7/20 - client 6 -  Training Loss: 7.525
2023-03-17 07:32:56 | Epoch7 Valid:
2023-03-17 07:32:56 | MRR-A: 0.03756156236015415
2023-03-17 07:32:56 | HR-A @1|5|10: 0.015190946735492811	0.04770037150005991	0.07178422897939492	
2023-03-17 07:32:56 | NDCG-A @5|10: 0.03103290436078946	0.038738366886378585	
2023-03-17 07:32:56 | MRR-B: 0.01588985284197356
2023-03-17 07:32:56 | HR-B @1|5|10: 0.005282189166892701	0.018343137911017937	0.030563604296561818	
2023-03-17 07:32:56 | NDCG-B @5|10: 0.011728919053887933	0.01554587087698569	
2023-03-17 07:32:56 | 
2023-03-17 07:33:05 | Test:
2023-03-17 07:33:05 | MRR-A: 0.03972452136793479
2023-03-17 07:33:05 | HR-A @1|5|10: 0.01572366521893265	0.045073519066449116	0.07493774031359388	
2023-03-17 07:33:05 | NDCG-A @5|10: 0.03080138485836836	0.04038540199508453	
2023-03-17 07:33:26 | Epoch 8/20 - client 5 -  Training Loss: 6.800
2023-03-17 07:33:47 | Epoch 8/20 - client 2 -  Training Loss: 6.961
2023-03-17 07:34:09 | Epoch 8/20 - client 7 -  Training Loss: 7.317
2023-03-17 07:34:31 | Epoch 8/20 - client 0 -  Training Loss: 6.686
2023-03-17 07:34:52 | Epoch 8/20 - client 1 -  Training Loss: 7.181
2023-03-17 07:35:13 | Epoch 8/20 - client 6 -  Training Loss: 7.111
2023-03-17 07:35:34 | Epoch 8/20 - client 3 -  Training Loss: 6.813
2023-03-17 07:35:56 | Epoch 8/20 - client 4 -  Training Loss: 6.878
2023-03-17 07:36:03 | Epoch8 Valid:
2023-03-17 07:36:03 | MRR-A: 0.032980849993161476
2023-03-17 07:36:03 | HR-A @1|5|10: 0.011872504696171437	0.03964118118759191	0.05732285589906729	
2023-03-17 07:36:03 | NDCG-A @5|10: 0.025549083928173396	0.031172848010957106	
2023-03-17 07:36:03 | MRR-B: 0.017313003360497813
2023-03-17 07:36:03 | HR-B @1|5|10: 0.007077675110137354	0.019585997207601263	0.02925888260532637	
2023-03-17 07:36:03 | NDCG-B @5|10: 0.013210439207061032	0.016302223483649167	
2023-03-17 07:36:03 | 
2023-03-17 07:36:25 | Epoch 9/20 - client 6 -  Training Loss: 6.614
2023-03-17 07:36:46 | Epoch 9/20 - client 0 -  Training Loss: 6.261
2023-03-17 07:37:07 | Epoch 9/20 - client 3 -  Training Loss: 6.385
2023-03-17 07:37:28 | Epoch 9/20 - client 5 -  Training Loss: 6.402
2023-03-17 07:37:49 | Epoch 9/20 - client 4 -  Training Loss: 6.496
2023-03-17 07:38:11 | Epoch 9/20 - client 2 -  Training Loss: 6.553
2023-03-17 07:38:32 | Epoch 9/20 - client 7 -  Training Loss: 6.888
2023-03-17 07:38:55 | Epoch 9/20 - client 1 -  Training Loss: 6.752
2023-03-17 07:39:03 | Epoch9 Valid:
2023-03-17 07:39:03 | MRR-A: 0.03476560847065273
2023-03-17 07:39:03 | HR-A @1|5|10: 0.01388560073036783	0.03554302340811447	0.061443644431917466	
2023-03-17 07:39:03 | NDCG-A @5|10: 0.0253284664684557	0.03369767621079347	
2023-03-17 07:39:03 | MRR-B: 0.019126458324605175
2023-03-17 07:39:03 | HR-B @1|5|10: 0.008352076930107347	0.020842193125067295	0.031870061392594344	
2023-03-17 07:39:03 | NDCG-B @5|10: 0.014755129073231055	0.018307896721031898	
2023-03-17 07:39:03 | 
2023-03-17 07:39:11 | Test:
2023-03-17 07:39:11 | MRR-B: 0.01623362349809697
2023-03-17 07:39:11 | HR-B @1|5|10: 0.008101196649351565	0.014996008062758059	0.02269113416022791	
2023-03-17 07:39:11 | NDCG-B @5|10: 0.011585487587471903	0.014068436321169416	
2023-03-17 07:39:11 | 
2023-03-17 07:39:32 | Epoch 10/20 - client 6 -  Training Loss: 6.256
2023-03-17 07:39:53 | Epoch 10/20 - client 7 -  Training Loss: 6.463
2023-03-17 07:40:14 | Epoch 10/20 - client 0 -  Training Loss: 5.899
2023-03-17 07:40:36 | Epoch 10/20 - client 3 -  Training Loss: 6.012
2023-03-17 07:40:57 | Epoch 10/20 - client 1 -  Training Loss: 6.360
2023-03-17 07:41:18 | Epoch 10/20 - client 4 -  Training Loss: 6.072
2023-03-17 07:41:39 | Epoch 10/20 - client 2 -  Training Loss: 6.187
2023-03-17 07:42:00 | Epoch 10/20 - client 5 -  Training Loss: 6.012
2023-03-17 07:42:08 | Epoch10 Valid:
2023-03-17 07:42:08 | MRR-A: 0.032255051813714825
2023-03-17 07:42:08 | HR-A @1|5|10: 0.013384087983586443	0.035123184831164535	0.05942556239091524	
2023-03-17 07:42:08 | NDCG-A @5|10: 0.023717869094789273	0.03139938568162742	
2023-03-17 07:42:08 | MRR-B: 0.017659517999866935
2023-03-17 07:42:08 | HR-B @1|5|10: 0.007443624864952706	0.016080080222287192	0.02890197752913263	
2023-03-17 07:42:08 | NDCG-B @5|10: 0.01208685764453179	0.01620822275532683	
2023-03-17 07:42:08 | 
2023-03-17 07:42:29 | Epoch 11/20 - client 3 -  Training Loss: 5.647
2023-03-17 07:42:50 | Epoch 11/20 - client 6 -  Training Loss: 5.864
2023-03-17 07:43:12 | Epoch 11/20 - client 5 -  Training Loss: 5.696
2023-03-17 07:43:33 | Epoch 11/20 - client 1 -  Training Loss: 5.916
2023-03-17 07:43:54 | Epoch 11/20 - client 0 -  Training Loss: 5.573
2023-03-17 07:44:16 | Epoch 11/20 - client 2 -  Training Loss: 5.783
2023-03-17 07:44:36 | Epoch 11/20 - client 4 -  Training Loss: 5.745
2023-03-17 07:44:58 | Epoch 11/20 - client 7 -  Training Loss: 6.090
2023-03-17 07:45:06 | Epoch11 Valid:
2023-03-17 07:45:06 | MRR-A: 0.0314080854044938
2023-03-17 07:45:06 | HR-A @1|5|10: 0.009746045702147857	0.035493992631684755	0.0652608886544408	
2023-03-17 07:45:06 | NDCG-A @5|10: 0.02266680472817245	0.03216413610771455	
2023-03-17 07:45:06 | MRR-B: 0.018699622421140587
2023-03-17 07:45:06 | HR-B @1|5|10: 0.008407151376950563	0.02012390883780996	0.03143548013153913	
2023-03-17 07:45:06 | NDCG-B @5|10: 0.014367997595876822	0.017962281494234997	
2023-03-17 07:45:06 | 
2023-03-17 07:45:27 | Epoch 12/20 - client 1 -  Training Loss: 5.557
2023-03-17 07:45:49 | Epoch 12/20 - client 2 -  Training Loss: 5.436
2023-03-17 07:46:10 | Epoch 12/20 - client 4 -  Training Loss: 5.387
2023-03-17 07:46:31 | Epoch 12/20 - client 5 -  Training Loss: 5.360
2023-03-17 07:46:52 | Epoch 12/20 - client 3 -  Training Loss: 5.378
2023-03-17 07:47:13 | Epoch 12/20 - client 6 -  Training Loss: 5.533
2023-03-17 07:47:35 | Epoch 12/20 - client 0 -  Training Loss: 5.244
2023-03-17 07:47:56 | Epoch 12/20 - client 7 -  Training Loss: 5.775
2023-03-17 07:48:05 | Epoch12 Valid:
2023-03-17 07:48:05 | MRR-A: 0.03577254805133931
2023-03-17 07:48:05 | HR-A @1|5|10: 0.013694126287014559	0.045096932440145315	0.06481570401793062	
2023-03-17 07:48:05 | NDCG-A @5|10: 0.029740683894143173	0.035852589862636584	
2023-03-17 07:48:05 | MRR-B: 0.017270522610706808
2023-03-17 07:48:05 | HR-B @1|5|10: 0.006908712103087891	0.018894239857264527	0.02861623879388066	
2023-03-17 07:48:05 | NDCG-B @5|10: 0.013010805473410452	0.01615206933590483	
2023-03-17 07:48:05 | 
2023-03-17 07:48:26 | Epoch 13/20 - client 6 -  Training Loss: 5.208
2023-03-17 07:48:48 | Epoch 13/20 - client 5 -  Training Loss: 5.003
2023-03-17 07:49:09 | Epoch 13/20 - client 7 -  Training Loss: 5.352
2023-03-17 07:49:31 | Epoch 13/20 - client 1 -  Training Loss: 5.257
2023-03-17 07:49:53 | Epoch 13/20 - client 0 -  Training Loss: 4.921
2023-03-17 07:50:14 | Epoch 13/20 - client 3 -  Training Loss: 5.043
2023-03-17 07:50:35 | Epoch 13/20 - client 2 -  Training Loss: 5.170
2023-03-17 07:50:57 | Epoch 13/20 - client 4 -  Training Loss: 5.097
2023-03-17 07:51:05 | Epoch13 Valid:
2023-03-17 07:51:05 | MRR-A: 0.033192741786306344
2023-03-17 07:51:05 | HR-A @1|5|10: 0.013307255849120831	0.03684508736029213	0.058891463177664624	
2023-03-17 07:51:05 | NDCG-A @5|10: 0.025146659989484586	0.032282799394269535	
2023-03-17 07:51:05 | MRR-B: 0.01834806482402492
2023-03-17 07:51:05 | HR-B @1|5|10: 0.00791287896365221	0.01957296024195083	0.03141098528245146	
2023-03-17 07:51:05 | NDCG-B @5|10: 0.013938189863691658	0.0177195519582345	
2023-03-17 07:51:05 | 
2023-03-17 07:51:26 | Epoch 14/20 - client 1 -  Training Loss: 4.896
2023-03-17 07:51:47 | Epoch 14/20 - client 7 -  Training Loss: 4.955
2023-03-17 07:52:09 | Epoch 14/20 - client 5 -  Training Loss: 4.709
2023-03-17 07:52:30 | Epoch 14/20 - client 3 -  Training Loss: 4.704
2023-03-17 07:52:51 | Epoch 14/20 - client 4 -  Training Loss: 4.804
2023-03-17 07:53:12 | Epoch 14/20 - client 0 -  Training Loss: 4.605
2023-03-17 07:53:33 | Epoch 14/20 - client 2 -  Training Loss: 4.845
2023-03-17 07:53:54 | Epoch 14/20 - client 6 -  Training Loss: 4.893
2023-03-17 07:54:02 | Epoch14 Valid:
2023-03-17 07:54:02 | MRR-A: 0.03624303931279632
2023-03-17 07:54:02 | HR-A @1|5|10: 0.013916313895220862	0.04265986149512961	0.06711126328414084	
2023-03-17 07:54:02 | NDCG-A @5|10: 0.028600839619813648	0.03666250951610258	
2023-03-17 07:54:02 | MRR-B: 0.017208141838791755
2023-03-17 07:54:02 | HR-B @1|5|10: 0.006552486124222461	0.019108506741050628	0.029223340898148178	
2023-03-17 07:54:02 | NDCG-B @5|10: 0.012950570492714262	0.016163970911713493	
2023-03-17 07:54:02 | 
2023-03-17 07:54:23 | Epoch 15/20 - client 0 -  Training Loss: 4.199
2023-03-17 07:54:44 | Epoch 15/20 - client 4 -  Training Loss: 4.376
2023-03-17 07:55:05 | Epoch 15/20 - client 7 -  Training Loss: 4.546
2023-03-17 07:55:26 | Epoch 15/20 - client 6 -  Training Loss: 4.538
2023-03-17 07:55:47 | Epoch 15/20 - client 1 -  Training Loss: 4.521
2023-03-17 07:56:08 | Epoch 15/20 - client 2 -  Training Loss: 4.437
2023-03-17 07:56:30 | Epoch 15/20 - client 3 -  Training Loss: 4.340
2023-03-17 07:56:52 | Epoch 15/20 - client 5 -  Training Loss: 4.371
2023-03-17 07:57:00 | Epoch15 Valid:
2023-03-17 07:57:00 | MRR-A: 0.03641013693460725
2023-03-17 07:57:00 | HR-A @1|5|10: 0.01534723273752752	0.04548188729012546	0.06722750475867365	
2023-03-17 07:57:00 | NDCG-A @5|10: 0.029986678132646966	0.03698355479161715	
2023-03-17 07:57:00 | MRR-B: 0.01922928155958446
2023-03-17 07:57:00 | HR-B @1|5|10: 0.008784386168232914	0.022231333106964728	0.029185016746458837	
2023-03-17 07:57:00 | NDCG-B @5|10: 0.015624936317440882	0.017849249064547126	
2023-03-17 07:57:00 | 
2023-03-17 07:57:07 | Test:
2023-03-17 07:57:07 | MRR-B: 0.018349674305613566
2023-03-17 07:57:07 | HR-B @1|5|10: 0.008584419624160108	0.020960859828303625	0.028295310559308357	
2023-03-17 07:57:07 | NDCG-B @5|10: 0.014823227565351291	0.017208714266947436	
2023-03-17 07:57:07 | 
2023-03-17 07:57:29 | Epoch 16/20 - client 5 -  Training Loss: 3.853
2023-03-17 07:57:50 | Epoch 16/20 - client 1 -  Training Loss: 3.980
2023-03-17 07:58:11 | Epoch 16/20 - client 6 -  Training Loss: 3.999
2023-03-17 07:58:32 | Epoch 16/20 - client 3 -  Training Loss: 3.879
2023-03-17 07:58:53 | Epoch 16/20 - client 4 -  Training Loss: 3.933
2023-03-17 07:59:14 | Epoch 16/20 - client 7 -  Training Loss: 4.125
2023-03-17 07:59:35 | Epoch 16/20 - client 2 -  Training Loss: 3.950
2023-03-17 07:59:56 | Epoch 16/20 - client 0 -  Training Loss: 3.768
2023-03-17 08:00:04 | Epoch16 Valid:
2023-03-17 08:00:04 | MRR-A: 0.04239294596809892
2023-03-17 08:00:04 | HR-A @1|5|10: 0.020690871626874188	0.04890376885542781	0.067499811988683	
2023-03-17 08:00:04 | NDCG-A @5|10: 0.03587261098227654	0.04190420225038335	
2023-03-17 08:00:04 | MRR-B: 0.01991265676882291
2023-03-17 08:00:04 | HR-B @1|5|10: 0.008900875716034954	0.022702751641979897	0.032037284201199265	
2023-03-17 08:00:04 | NDCG-B @5|10: 0.016064520530644992	0.01905145674241948	
2023-03-17 08:00:04 | 
2023-03-17 08:00:12 | Test:
2023-03-17 08:00:12 | MRR-A: 0.04078545532553921
2023-03-17 08:00:12 | HR-A @1|5|10: 0.01822269124255087	0.04764465955413004	0.06974629383889377	
2023-03-17 08:00:12 | NDCG-A @5|10: 0.03275170496523151	0.03989334989583185	
2023-03-17 08:00:12 | MRR-B: 0.018691628421647368
2023-03-17 08:00:12 | HR-B @1|5|10: 0.009584782021505997	0.0209147965905827	0.026858558068161165	
2023-03-17 08:00:12 | NDCG-B @5|10: 0.015167173252187771	0.017063123807921975	
2023-03-17 08:00:12 | 
2023-03-17 08:00:34 | Epoch 17/20 - client 2 -  Training Loss: 3.494
2023-03-17 08:00:55 | Epoch 17/20 - client 1 -  Training Loss: 3.527
2023-03-17 08:01:16 | Epoch 17/20 - client 3 -  Training Loss: 3.383
2023-03-17 08:01:37 | Epoch 17/20 - client 5 -  Training Loss: 3.465
2023-03-17 08:01:58 | Epoch 17/20 - client 4 -  Training Loss: 3.428
2023-03-17 08:02:19 | Epoch 17/20 - client 6 -  Training Loss: 3.528
2023-03-17 08:02:41 | Epoch 17/20 - client 0 -  Training Loss: 3.352
2023-03-17 08:03:02 | Epoch 17/20 - client 7 -  Training Loss: 3.618
2023-03-17 08:03:10 | Epoch17 Valid:
2023-03-17 08:03:10 | MRR-A: 0.04022963508507737
2023-03-17 08:03:10 | HR-A @1|5|10: 0.018731958709236655	0.046754536432307314	0.06865462107876491	
2023-03-17 08:03:10 | NDCG-A @5|10: 0.0330297786752555	0.040138363593432876	
2023-03-17 08:03:10 | MRR-B: 0.020199015467026474
2023-03-17 08:03:10 | HR-B @1|5|10: 0.00953933915804795	0.02326174861349182	0.032891677054440585	
2023-03-17 08:03:10 | NDCG-B @5|10: 0.01641495333535005	0.019466180248776346	
2023-03-17 08:03:10 | 
2023-03-17 08:03:18 | Test:
2023-03-17 08:03:18 | MRR-B: 0.01880684607924355
2023-03-17 08:03:18 | HR-B @1|5|10: 0.009805575946361278	0.020786522375234574	0.02700481299575066	
2023-03-17 08:03:18 | NDCG-B @5|10: 0.015242882686890507	0.01721042038549221	
2023-03-17 08:03:18 | 
2023-03-17 08:03:39 | Epoch 18/20 - client 7 -  Training Loss: 3.159
2023-03-17 08:04:00 | Epoch 18/20 - client 5 -  Training Loss: 3.049
2023-03-17 08:04:21 | Epoch 18/20 - client 6 -  Training Loss: 3.110
2023-03-17 08:04:42 | Epoch 18/20 - client 4 -  Training Loss: 3.029
2023-03-17 08:05:03 | Epoch 18/20 - client 2 -  Training Loss: 3.132
2023-03-17 08:05:25 | Epoch 18/20 - client 3 -  Training Loss: 3.031
2023-03-17 08:05:46 | Epoch 18/20 - client 0 -  Training Loss: 2.972
2023-03-17 08:06:08 | Epoch 18/20 - client 1 -  Training Loss: 3.169
2023-03-17 08:06:16 | Epoch18 Valid:
2023-03-17 08:06:16 | MRR-A: 0.040775732358902014
2023-03-17 08:06:16 | HR-A @1|5|10: 0.020165077486086976	0.044683837093268376	0.06961840050772149	
2023-03-17 08:06:16 | NDCG-A @5|10: 0.032848192304797935	0.040677584583500424	
2023-03-17 08:06:16 | MRR-B: 0.019305901808566662
2023-03-17 08:06:16 | HR-B @1|5|10: 0.00929960164015994	0.021328751374858394	0.02966652041102115	
2023-03-17 08:06:16 | NDCG-B @5|10: 0.015323317293567843	0.018018087914868346	
2023-03-17 08:06:16 | 
2023-03-17 08:06:37 | Epoch 19/20 - client 7 -  Training Loss: 2.906
2023-03-17 08:06:58 | Epoch 19/20 - client 4 -  Training Loss: 2.752
2023-03-17 08:07:19 | Epoch 19/20 - client 5 -  Training Loss: 2.781
2023-03-17 08:07:40 | Epoch 19/20 - client 3 -  Training Loss: 2.729
2023-03-17 08:08:01 | Epoch 19/20 - client 0 -  Training Loss: 2.683
2023-03-17 08:08:23 | Epoch 19/20 - client 6 -  Training Loss: 2.868
2023-03-17 08:08:44 | Epoch 19/20 - client 1 -  Training Loss: 2.920
2023-03-17 08:09:05 | Epoch 19/20 - client 2 -  Training Loss: 2.837
2023-03-17 08:09:13 | Epoch19 Valid:
2023-03-17 08:09:13 | MRR-A: 0.040910138014492024
2023-03-17 08:09:13 | HR-A @1|5|10: 0.021049893962420716	0.04347632702939695	0.06869000595272652	
2023-03-17 08:09:13 | NDCG-A @5|10: 0.03267556455027888	0.04095424629353583	
2023-03-17 08:09:13 | MRR-B: 0.020899782162295585
2023-03-17 08:09:13 | HR-B @1|5|10: 0.010084479142478916	0.022801353396142702	0.03349203659001426	
2023-03-17 08:09:13 | NDCG-B @5|10: 0.016685910970449157	0.020180727629330753	
2023-03-17 08:09:13 | 
2023-03-17 08:09:22 | Test:
2023-03-17 08:09:22 | MRR-B: 0.018597686635967874
2023-03-17 08:09:22 | HR-B @1|5|10: 0.008985752687519423	0.021091906995446	0.029062172110048752	
2023-03-17 08:09:22 | NDCG-B @5|10: 0.014978231053729607	0.017543737761944258	
2023-03-17 08:09:22 | 
2023-03-17 08:09:43 | Epoch 20/20 - client 7 -  Training Loss: 2.667
2023-03-17 08:10:04 | Epoch 20/20 - client 5 -  Training Loss: 2.554
2023-03-17 08:10:25 | Epoch 20/20 - client 0 -  Training Loss: 2.455
2023-03-17 08:10:46 | Epoch 20/20 - client 6 -  Training Loss: 2.605
2023-03-17 08:11:07 | Epoch 20/20 - client 4 -  Training Loss: 2.566
2023-03-17 08:11:29 | Epoch 20/20 - client 1 -  Training Loss: 2.640
2023-03-17 08:11:51 | Epoch 20/20 - client 3 -  Training Loss: 2.526
2023-03-17 08:12:12 | Epoch 20/20 - client 2 -  Training Loss: 2.631
2023-03-17 08:12:20 | Epoch20 Valid:
2023-03-17 08:12:20 | MRR-A: 0.04038358861618763
2023-03-17 08:12:20 | HR-A @1|5|10: 0.020731442950737165	0.045652802065092486	0.0702574881474321	
2023-03-17 08:12:20 | NDCG-A @5|10: 0.03302604972588359	0.04074122679573102	
2023-03-17 08:12:20 | MRR-B: 0.02067479690795203
2023-03-17 08:12:20 | HR-B @1|5|10: 0.01001004781127981	0.02238746497908896	0.032232962499513254	
2023-03-17 08:12:20 | NDCG-B @5|10: 0.0165075747479298	0.019699003343639585	
2023-03-17 08:12:20 | 
